[0.090s] DEBUG:colcon:Command line arguments: ['/usr/bin/colcon', 'build', '--packages-select', 'teleop_msgs']
[0.090s] DEBUG:colcon:Parsed command line arguments: Namespace(allow_overriding=[], ament_cmake_args=None, base_paths=['.'], build_base='build', catkin_cmake_args=None, catkin_skip_building_tests=False, cmake_args=None, cmake_clean_cache=False, cmake_clean_first=False, cmake_force_configure=False, cmake_target=None, cmake_target_skip_unavailable=False, continue_on_error=False, event_handlers=None, executor='parallel', ignore_user_meta=False, install_base='install', log_base=None, log_level=None, main=<bound method BuildVerb.main of <colcon_core.verb.build.BuildVerb object at 0x7fae619b1880>>, merge_install=False, metas=['./colcon.meta'], packages_above=None, packages_above_and_dependencies=None, packages_above_depth=None, packages_end=None, packages_ignore=None, packages_ignore_regex=None, packages_select=['teleop_msgs'], packages_select_build_failed=False, packages_select_by_dep=None, packages_select_regex=None, packages_select_test_failures=False, packages_skip=None, packages_skip_build_finished=False, packages_skip_by_dep=None, packages_skip_regex=None, packages_skip_test_passed=False, packages_skip_up_to=None, packages_start=None, packages_up_to=None, packages_up_to_regex=None, parallel_workers=8, paths=None, symlink_install=False, test_result_base=None, verb_extension=<colcon_core.verb.build.BuildVerb object at 0x7fae619b1880>, verb_name='build', verb_parser=<colcon_defaults.argument_parser.defaults.DefaultArgumentsDecorator object at 0x7fae619b1df0>)
[0.106s] Level 1:colcon.colcon_core.package_discovery:discover_packages(colcon_meta) check parameters
[0.106s] Level 1:colcon.colcon_core.package_discovery:discover_packages(recursive) check parameters
[0.106s] Level 1:colcon.colcon_core.package_discovery:discover_packages(ignore) check parameters
[0.106s] Level 1:colcon.colcon_core.package_discovery:discover_packages(path) check parameters
[0.107s] Level 1:colcon.colcon_core.package_discovery:discover_packages(colcon_meta) discover
[0.107s] Level 1:colcon.colcon_core.package_discovery:discover_packages(recursive) discover
[0.107s] INFO:colcon.colcon_core.package_discovery:Crawling recursively for packages in '/home/chengjing/Desktop/software_intro_task'
[0.107s] Level 1:colcon.colcon_core.package_identification:_identify(.) by extensions ['ignore', 'ignore_ament_install']
[0.107s] Level 1:colcon.colcon_core.package_identification:_identify(.) by extension 'ignore'
[0.107s] Level 1:colcon.colcon_core.package_identification:_identify(.) by extension 'ignore_ament_install'
[0.107s] Level 1:colcon.colcon_core.package_identification:_identify(.) by extensions ['colcon_pkg']
[0.107s] Level 1:colcon.colcon_core.package_identification:_identify(.) by extension 'colcon_pkg'
[0.107s] Level 1:colcon.colcon_core.package_identification:_identify(.) by extensions ['colcon_meta']
[0.107s] Level 1:colcon.colcon_core.package_identification:_identify(.) by extension 'colcon_meta'
[0.107s] Level 1:colcon.colcon_core.package_identification:_identify(.) by extensions ['ros']
[0.107s] Level 1:colcon.colcon_core.package_identification:_identify(.) by extension 'ros'
[0.115s] Level 1:colcon.colcon_core.package_identification:_identify(.) by extensions ['cmake', 'python']
[0.115s] Level 1:colcon.colcon_core.package_identification:_identify(.) by extension 'cmake'
[0.115s] Level 1:colcon.colcon_core.package_identification:_identify(.) by extension 'python'
[0.115s] Level 1:colcon.colcon_core.package_identification:_identify(.) by extensions ['python_setup_py']
[0.115s] Level 1:colcon.colcon_core.package_identification:_identify(.) by extension 'python_setup_py'
[0.115s] Level 1:colcon.colcon_core.package_identification:_identify(build) by extensions ['ignore', 'ignore_ament_install']
[0.115s] Level 1:colcon.colcon_core.package_identification:_identify(build) by extension 'ignore'
[0.115s] Level 1:colcon.colcon_core.package_identification:_identify(build) ignored
[0.116s] Level 1:colcon.colcon_core.package_identification:_identify(install) by extensions ['ignore', 'ignore_ament_install']
[0.116s] Level 1:colcon.colcon_core.package_identification:_identify(install) by extension 'ignore'
[0.116s] Level 1:colcon.colcon_core.package_identification:_identify(install) ignored
[0.116s] Level 1:colcon.colcon_core.package_identification:_identify(log) by extensions ['ignore', 'ignore_ament_install']
[0.116s] Level 1:colcon.colcon_core.package_identification:_identify(log) by extension 'ignore'
[0.116s] Level 1:colcon.colcon_core.package_identification:_identify(log) ignored
[0.116s] Level 1:colcon.colcon_core.package_identification:_identify(src) by extensions ['ignore', 'ignore_ament_install']
[0.116s] Level 1:colcon.colcon_core.package_identification:_identify(src) by extension 'ignore'
[0.116s] Level 1:colcon.colcon_core.package_identification:_identify(src) by extension 'ignore_ament_install'
[0.116s] Level 1:colcon.colcon_core.package_identification:_identify(src) by extensions ['colcon_pkg']
[0.116s] Level 1:colcon.colcon_core.package_identification:_identify(src) by extension 'colcon_pkg'
[0.116s] Level 1:colcon.colcon_core.package_identification:_identify(src) by extensions ['colcon_meta']
[0.116s] Level 1:colcon.colcon_core.package_identification:_identify(src) by extension 'colcon_meta'
[0.116s] Level 1:colcon.colcon_core.package_identification:_identify(src) by extensions ['ros']
[0.116s] Level 1:colcon.colcon_core.package_identification:_identify(src) by extension 'ros'
[0.116s] Level 1:colcon.colcon_core.package_identification:_identify(src) by extensions ['cmake', 'python']
[0.116s] Level 1:colcon.colcon_core.package_identification:_identify(src) by extension 'cmake'
[0.116s] Level 1:colcon.colcon_core.package_identification:_identify(src) by extension 'python'
[0.116s] Level 1:colcon.colcon_core.package_identification:_identify(src) by extensions ['python_setup_py']
[0.116s] Level 1:colcon.colcon_core.package_identification:_identify(src) by extension 'python_setup_py'
[0.116s] Level 1:colcon.colcon_core.package_identification:_identify(src/teleop_cpp) by extensions ['ignore', 'ignore_ament_install']
[0.117s] Level 1:colcon.colcon_core.package_identification:_identify(src/teleop_cpp) by extension 'ignore'
[0.117s] Level 1:colcon.colcon_core.package_identification:_identify(src/teleop_cpp) by extension 'ignore_ament_install'
[0.117s] Level 1:colcon.colcon_core.package_identification:_identify(src/teleop_cpp) by extensions ['colcon_pkg']
[0.117s] Level 1:colcon.colcon_core.package_identification:_identify(src/teleop_cpp) by extension 'colcon_pkg'
[0.117s] Level 1:colcon.colcon_core.package_identification:_identify(src/teleop_cpp) by extensions ['colcon_meta']
[0.117s] Level 1:colcon.colcon_core.package_identification:_identify(src/teleop_cpp) by extension 'colcon_meta'
[0.117s] Level 1:colcon.colcon_core.package_identification:_identify(src/teleop_cpp) by extensions ['ros']
[0.117s] Level 1:colcon.colcon_core.package_identification:_identify(src/teleop_cpp) by extension 'ros'
[0.119s] DEBUG:colcon.colcon_core.package_identification:Package 'src/teleop_cpp' with type 'ros.ament_cmake' and name 'teleop_cpp'
[0.119s] Level 1:colcon.colcon_core.package_identification:_identify(src/teleop_msgs) by extensions ['ignore', 'ignore_ament_install']
[0.119s] Level 1:colcon.colcon_core.package_identification:_identify(src/teleop_msgs) by extension 'ignore'
[0.119s] Level 1:colcon.colcon_core.package_identification:_identify(src/teleop_msgs) by extension 'ignore_ament_install'
[0.119s] Level 1:colcon.colcon_core.package_identification:_identify(src/teleop_msgs) by extensions ['colcon_pkg']
[0.119s] Level 1:colcon.colcon_core.package_identification:_identify(src/teleop_msgs) by extension 'colcon_pkg'
[0.119s] Level 1:colcon.colcon_core.package_identification:_identify(src/teleop_msgs) by extensions ['colcon_meta']
[0.119s] Level 1:colcon.colcon_core.package_identification:_identify(src/teleop_msgs) by extension 'colcon_meta'
[0.119s] Level 1:colcon.colcon_core.package_identification:_identify(src/teleop_msgs) by extensions ['ros']
[0.119s] Level 1:colcon.colcon_core.package_identification:_identify(src/teleop_msgs) by extension 'ros'
[0.119s] DEBUG:colcon.colcon_core.package_identification:Package 'src/teleop_msgs' with type 'ros.ament_cmake' and name 'teleop_msgs'
[0.120s] Level 1:colcon.colcon_core.package_identification:_identify(src/teleop_py) by extensions ['ignore', 'ignore_ament_install']
[0.120s] Level 1:colcon.colcon_core.package_identification:_identify(src/teleop_py) by extension 'ignore'
[0.120s] Level 1:colcon.colcon_core.package_identification:_identify(src/teleop_py) by extension 'ignore_ament_install'
[0.120s] Level 1:colcon.colcon_core.package_identification:_identify(src/teleop_py) by extensions ['colcon_pkg']
[0.120s] Level 1:colcon.colcon_core.package_identification:_identify(src/teleop_py) by extension 'colcon_pkg'
[0.120s] Level 1:colcon.colcon_core.package_identification:_identify(src/teleop_py) by extensions ['colcon_meta']
[0.120s] Level 1:colcon.colcon_core.package_identification:_identify(src/teleop_py) by extension 'colcon_meta'
[0.120s] Level 1:colcon.colcon_core.package_identification:_identify(src/teleop_py) by extensions ['ros']
[0.120s] Level 1:colcon.colcon_core.package_identification:_identify(src/teleop_py) by extension 'ros'
[0.120s] DEBUG:colcon.colcon_core.package_identification:Package 'src/teleop_py' with type 'ros.ament_python' and name 'teleop_py'
[0.120s] Level 1:colcon.colcon_core.package_discovery:discover_packages(recursive) using defaults
[0.120s] Level 1:colcon.colcon_core.package_discovery:discover_packages(ignore) discover
[0.120s] Level 1:colcon.colcon_core.package_discovery:discover_packages(ignore) using defaults
[0.120s] Level 1:colcon.colcon_core.package_discovery:discover_packages(path) discover
[0.120s] Level 1:colcon.colcon_core.package_discovery:discover_packages(path) using defaults
[0.132s] INFO:colcon.colcon_core.package_selection:Skipping not selected package 'teleop_cpp' in 'src/teleop_cpp'
[0.132s] INFO:colcon.colcon_core.package_selection:Skipping not selected package 'teleop_py' in 'src/teleop_py'
[0.133s] Level 1:colcon.colcon_core.package_discovery:discover_packages(prefix_path) check parameters
[0.133s] Level 1:colcon.colcon_core.package_discovery:discover_packages(prefix_path) discover
[0.135s] DEBUG:colcon.colcon_installed_package_information.package_discovery:Found 278 installed packages in /opt/ros/galactic
[0.136s] Level 1:colcon.colcon_core.package_discovery:discover_packages(prefix_path) using defaults
[0.202s] Level 5:colcon.colcon_core.verb:set package 'teleop_msgs' build argument 'cmake_args' from command line to 'None'
[0.202s] Level 5:colcon.colcon_core.verb:set package 'teleop_msgs' build argument 'cmake_target' from command line to 'None'
[0.202s] Level 5:colcon.colcon_core.verb:set package 'teleop_msgs' build argument 'cmake_target_skip_unavailable' from command line to 'False'
[0.202s] Level 5:colcon.colcon_core.verb:set package 'teleop_msgs' build argument 'cmake_clean_cache' from command line to 'False'
[0.202s] Level 5:colcon.colcon_core.verb:set package 'teleop_msgs' build argument 'cmake_clean_first' from command line to 'False'
[0.202s] Level 5:colcon.colcon_core.verb:set package 'teleop_msgs' build argument 'cmake_force_configure' from command line to 'False'
[0.202s] Level 5:colcon.colcon_core.verb:set package 'teleop_msgs' build argument 'ament_cmake_args' from command line to 'None'
[0.202s] Level 5:colcon.colcon_core.verb:set package 'teleop_msgs' build argument 'catkin_cmake_args' from command line to 'None'
[0.202s] Level 5:colcon.colcon_core.verb:set package 'teleop_msgs' build argument 'catkin_skip_building_tests' from command line to 'False'
[0.202s] DEBUG:colcon.colcon_core.verb:Building package 'teleop_msgs' with the following arguments: {'ament_cmake_args': None, 'build_base': '/home/chengjing/Desktop/software_intro_task/build/teleop_msgs', 'catkin_cmake_args': None, 'catkin_skip_building_tests': False, 'cmake_args': None, 'cmake_clean_cache': False, 'cmake_clean_first': False, 'cmake_force_configure': False, 'cmake_target': None, 'cmake_target_skip_unavailable': False, 'install_base': '/home/chengjing/Desktop/software_intro_task/install/teleop_msgs', 'merge_install': False, 'path': '/home/chengjing/Desktop/software_intro_task/src/teleop_msgs', 'symlink_install': False, 'test_result_base': None}
[0.203s] INFO:colcon.colcon_core.executor:Executing jobs using 'parallel' executor
[0.204s] DEBUG:colcon.colcon_parallel_executor.executor.parallel:run_until_complete
[0.205s] INFO:colcon.colcon_ros.task.ament_cmake.build:Building ROS package in '/home/chengjing/Desktop/software_intro_task/src/teleop_msgs' with build type 'ament_cmake'
[0.205s] INFO:colcon.colcon_cmake.task.cmake.build:Building CMake package in '/home/chengjing/Desktop/software_intro_task/src/teleop_msgs'
[0.207s] INFO:colcon.colcon_core.plugin_system:Skipping extension 'colcon_core.shell.bat': Not used on non-Windows systems
[0.207s] INFO:colcon.colcon_core.shell:Skip shell extension 'powershell' for command environment: Not usable outside of PowerShell
[0.207s] DEBUG:colcon.colcon_core.shell:Skip shell extension 'dsv' for command environment
[0.214s] DEBUG:colcon.colcon_core.event_handler.log_command:Invoking command in '/home/chengjing/Desktop/software_intro_task/build/teleop_msgs': CMAKE_PREFIX_PATH=/opt/ros/galactic /usr/bin/cmake /home/chengjing/Desktop/software_intro_task/src/teleop_msgs -DCMAKE_INSTALL_PREFIX=/home/chengjing/Desktop/software_intro_task/install/teleop_msgs
[1.412s] DEBUG:colcon.colcon_core.event_handler.log_command:Invoked command in '/home/chengjing/Desktop/software_intro_task/build/teleop_msgs' returned '0': CMAKE_PREFIX_PATH=/opt/ros/galactic /usr/bin/cmake /home/chengjing/Desktop/software_intro_task/src/teleop_msgs -DCMAKE_INSTALL_PREFIX=/home/chengjing/Desktop/software_intro_task/install/teleop_msgs
[1.414s] DEBUG:colcon.colcon_core.event_handler.log_command:Invoking command in '/home/chengjing/Desktop/software_intro_task/build/teleop_msgs': CMAKE_PREFIX_PATH=/opt/ros/galactic /usr/bin/cmake --build /home/chengjing/Desktop/software_intro_task/build/teleop_msgs -- -j8 -l8
[3.462s] DEBUG:colcon.colcon_core.event_handler.log_command:Invoked command in '/home/chengjing/Desktop/software_intro_task/build/teleop_msgs' returned '0': CMAKE_PREFIX_PATH=/opt/ros/galactic /usr/bin/cmake --build /home/chengjing/Desktop/software_intro_task/build/teleop_msgs -- -j8 -l8
[3.504s] DEBUG:colcon.colcon_core.event_handler.log_command:Invoking command in '/home/chengjing/Desktop/software_intro_task/build/teleop_msgs': CMAKE_PREFIX_PATH=/opt/ros/galactic /usr/bin/cmake --install /home/chengjing/Desktop/software_intro_task/build/teleop_msgs
[3.546s] Level 1:colcon.colcon_core.environment:create_environment_scripts_only(teleop_msgs)
[3.547s] DEBUG:colcon.colcon_core.event_handler.log_command:Invoked command in '/home/chengjing/Desktop/software_intro_task/build/teleop_msgs' returned '0': CMAKE_PREFIX_PATH=/opt/ros/galactic /usr/bin/cmake --install /home/chengjing/Desktop/software_intro_task/build/teleop_msgs
[3.549s] Level 1:colcon.colcon_core.environment:checking '/home/chengjing/Desktop/software_intro_task/install/teleop_msgs' for CMake module files
[3.550s] Level 1:colcon.colcon_core.environment:checking '/home/chengjing/Desktop/software_intro_task/install/teleop_msgs' for CMake config files
[3.550s] Level 1:colcon.colcon_core.shell:create_environment_hook('teleop_msgs', 'cmake_prefix_path')
[3.550s] INFO:colcon.colcon_core.shell:Creating environment hook '/home/chengjing/Desktop/software_intro_task/install/teleop_msgs/share/teleop_msgs/hook/cmake_prefix_path.ps1'
[3.551s] INFO:colcon.colcon_core.shell:Creating environment descriptor '/home/chengjing/Desktop/software_intro_task/install/teleop_msgs/share/teleop_msgs/hook/cmake_prefix_path.dsv'
[3.551s] INFO:colcon.colcon_core.shell:Creating environment hook '/home/chengjing/Desktop/software_intro_task/install/teleop_msgs/share/teleop_msgs/hook/cmake_prefix_path.sh'
[3.552s] Level 1:colcon.colcon_core.environment:checking '/home/chengjing/Desktop/software_intro_task/install/teleop_msgs/lib'
[3.552s] Level 1:colcon.colcon_core.shell:create_environment_hook('teleop_msgs', 'ld_library_path_lib')
[3.552s] INFO:colcon.colcon_core.shell:Creating environment hook '/home/chengjing/Desktop/software_intro_task/install/teleop_msgs/share/teleop_msgs/hook/ld_library_path_lib.ps1'
[3.552s] INFO:colcon.colcon_core.shell:Creating environment descriptor '/home/chengjing/Desktop/software_intro_task/install/teleop_msgs/share/teleop_msgs/hook/ld_library_path_lib.dsv'
[3.553s] INFO:colcon.colcon_core.shell:Creating environment hook '/home/chengjing/Desktop/software_intro_task/install/teleop_msgs/share/teleop_msgs/hook/ld_library_path_lib.sh'
[3.553s] Level 1:colcon.colcon_core.environment:checking '/home/chengjing/Desktop/software_intro_task/install/teleop_msgs/bin'
[3.553s] Level 1:colcon.colcon_core.environment:checking '/home/chengjing/Desktop/software_intro_task/install/teleop_msgs/lib/pkgconfig/teleop_msgs.pc'
[3.553s] Level 1:colcon.colcon_core.environment:checking '/home/chengjing/Desktop/software_intro_task/install/teleop_msgs/lib/python3.8/site-packages'
[3.553s] Level 1:colcon.colcon_core.shell:create_environment_hook('teleop_msgs', 'pythonpath')
[3.553s] INFO:colcon.colcon_core.shell:Creating environment hook '/home/chengjing/Desktop/software_intro_task/install/teleop_msgs/share/teleop_msgs/hook/pythonpath.ps1'
[3.554s] INFO:colcon.colcon_core.shell:Creating environment descriptor '/home/chengjing/Desktop/software_intro_task/install/teleop_msgs/share/teleop_msgs/hook/pythonpath.dsv'
[3.554s] INFO:colcon.colcon_core.shell:Creating environment hook '/home/chengjing/Desktop/software_intro_task/install/teleop_msgs/share/teleop_msgs/hook/pythonpath.sh'
[3.554s] Level 1:colcon.colcon_core.environment:checking '/home/chengjing/Desktop/software_intro_task/install/teleop_msgs/bin'
[3.555s] INFO:colcon.colcon_core.shell:Creating package script '/home/chengjing/Desktop/software_intro_task/install/teleop_msgs/share/teleop_msgs/package.ps1'
[3.555s] INFO:colcon.colcon_core.shell:Creating package descriptor '/home/chengjing/Desktop/software_intro_task/install/teleop_msgs/share/teleop_msgs/package.dsv'
[3.556s] INFO:colcon.colcon_core.shell:Creating package script '/home/chengjing/Desktop/software_intro_task/install/teleop_msgs/share/teleop_msgs/package.sh'
[3.556s] INFO:colcon.colcon_core.shell:Creating package script '/home/chengjing/Desktop/software_intro_task/install/teleop_msgs/share/teleop_msgs/package.bash'
[3.556s] INFO:colcon.colcon_core.shell:Creating package script '/home/chengjing/Desktop/software_intro_task/install/teleop_msgs/share/teleop_msgs/package.zsh'
[3.557s] Level 1:colcon.colcon_core.environment:create_file_with_runtime_dependencies(/home/chengjing/Desktop/software_intro_task/install/teleop_msgs/share/colcon-core/packages/teleop_msgs)
[3.594s] Level 1:colcon.colcon_core.environment:create_environment_scripts_only(teleop_msgs)
[3.595s] Level 1:colcon.colcon_core.environment:checking '/home/chengjing/Desktop/software_intro_task/install/teleop_msgs' for CMake module files
[3.596s] Level 1:colcon.colcon_core.environment:checking '/home/chengjing/Desktop/software_intro_task/install/teleop_msgs' for CMake config files
[3.596s] Level 1:colcon.colcon_core.shell:create_environment_hook('teleop_msgs', 'cmake_prefix_path')
[3.596s] INFO:colcon.colcon_core.shell:Creating environment hook '/home/chengjing/Desktop/software_intro_task/install/teleop_msgs/share/teleop_msgs/hook/cmake_prefix_path.ps1'
[3.597s] INFO:colcon.colcon_core.shell:Creating environment descriptor '/home/chengjing/Desktop/software_intro_task/install/teleop_msgs/share/teleop_msgs/hook/cmake_prefix_path.dsv'
[3.597s] INFO:colcon.colcon_core.shell:Creating environment hook '/home/chengjing/Desktop/software_intro_task/install/teleop_msgs/share/teleop_msgs/hook/cmake_prefix_path.sh'
[3.597s] Level 1:colcon.colcon_core.environment:checking '/home/chengjing/Desktop/software_intro_task/install/teleop_msgs/lib'
[3.597s] Level 1:colcon.colcon_core.shell:create_environment_hook('teleop_msgs', 'ld_library_path_lib')
[3.598s] INFO:colcon.colcon_core.shell:Creating environment hook '/home/chengjing/Desktop/software_intro_task/install/teleop_msgs/share/teleop_msgs/hook/ld_library_path_lib.ps1'
[3.598s] INFO:colcon.colcon_core.shell:Creating environment descriptor '/home/chengjing/Desktop/software_intro_task/install/teleop_msgs/share/teleop_msgs/hook/ld_library_path_lib.dsv'
[3.598s] INFO:colcon.colcon_core.shell:Creating environment hook '/home/chengjing/Desktop/software_intro_task/install/teleop_msgs/share/teleop_msgs/hook/ld_library_path_lib.sh'
[3.599s] Level 1:colcon.colcon_core.environment:checking '/home/chengjing/Desktop/software_intro_task/install/teleop_msgs/bin'
[3.599s] Level 1:colcon.colcon_core.environment:checking '/home/chengjing/Desktop/software_intro_task/install/teleop_msgs/lib/pkgconfig/teleop_msgs.pc'
[3.599s] Level 1:colcon.colcon_core.environment:checking '/home/chengjing/Desktop/software_intro_task/install/teleop_msgs/lib/python3.8/site-packages'
[3.599s] Level 1:colcon.colcon_core.shell:create_environment_hook('teleop_msgs', 'pythonpath')
[3.599s] INFO:colcon.colcon_core.shell:Creating environment hook '/home/chengjing/Desktop/software_intro_task/install/teleop_msgs/share/teleop_msgs/hook/pythonpath.ps1'
[3.600s] INFO:colcon.colcon_core.shell:Creating environment descriptor '/home/chengjing/Desktop/software_intro_task/install/teleop_msgs/share/teleop_msgs/hook/pythonpath.dsv'
[3.600s] INFO:colcon.colcon_core.shell:Creating environment hook '/home/chengjing/Desktop/software_intro_task/install/teleop_msgs/share/teleop_msgs/hook/pythonpath.sh'
[3.600s] Level 1:colcon.colcon_core.environment:checking '/home/chengjing/Desktop/software_intro_task/install/teleop_msgs/bin'
[3.601s] INFO:colcon.colcon_core.shell:Creating package script '/home/chengjing/Desktop/software_intro_task/install/teleop_msgs/share/teleop_msgs/package.ps1'
[3.601s] INFO:colcon.colcon_core.shell:Creating package descriptor '/home/chengjing/Desktop/software_intro_task/install/teleop_msgs/share/teleop_msgs/package.dsv'
[3.602s] INFO:colcon.colcon_core.shell:Creating package script '/home/chengjing/Desktop/software_intro_task/install/teleop_msgs/share/teleop_msgs/package.sh'
[3.602s] INFO:colcon.colcon_core.shell:Creating package script '/home/chengjing/Desktop/software_intro_task/install/teleop_msgs/share/teleop_msgs/package.bash'
[3.602s] INFO:colcon.colcon_core.shell:Creating package script '/home/chengjing/Desktop/software_intro_task/install/teleop_msgs/share/teleop_msgs/package.zsh'
[3.602s] Level 1:colcon.colcon_core.environment:create_file_with_runtime_dependencies(/home/chengjing/Desktop/software_intro_task/install/teleop_msgs/share/colcon-core/packages/teleop_msgs)
[3.603s] DEBUG:colcon.colcon_parallel_executor.executor.parallel:closing loop
[3.603s] DEBUG:colcon.colcon_parallel_executor.executor.parallel:loop closed
[3.603s] DEBUG:colcon.colcon_parallel_executor.executor.parallel:run_until_complete finished with '0'
[3.603s] DEBUG:colcon.colcon_core.event_reactor:joining thread
[3.607s] INFO:colcon.colcon_core.plugin_system:Skipping extension 'colcon_notification.desktop_notification.terminal_notifier': Not used on non-Darwin systems
[3.607s] INFO:colcon.colcon_core.plugin_system:Skipping extension 'colcon_notification.desktop_notification.win32': Not used on non-Windows systems
[3.607s] INFO:colcon.colcon_notification.desktop_notification:Sending desktop notification using 'notify2'
[3.618s] DEBUG:colcon.colcon_core.event_reactor:joined thread
[3.619s] INFO:colcon.colcon_core.shell:Creating prefix script '/home/chengjing/Desktop/software_intro_task/install/local_setup.ps1'
[3.619s] INFO:colcon.colcon_core.shell:Creating prefix util module '/home/chengjing/Desktop/software_intro_task/install/_local_setup_util_ps1.py'
[3.620s] INFO:colcon.colcon_core.shell:Creating prefix chain script '/home/chengjing/Desktop/software_intro_task/install/setup.ps1'
[3.621s] INFO:colcon.colcon_core.shell:Creating prefix script '/home/chengjing/Desktop/software_intro_task/install/local_setup.sh'
[3.621s] INFO:colcon.colcon_core.shell:Creating prefix util module '/home/chengjing/Desktop/software_intro_task/install/_local_setup_util_sh.py'
[3.622s] INFO:colcon.colcon_core.shell:Creating prefix chain script '/home/chengjing/Desktop/software_intro_task/install/setup.sh'
[3.622s] INFO:colcon.colcon_core.shell:Creating prefix script '/home/chengjing/Desktop/software_intro_task/install/local_setup.bash'
[3.623s] INFO:colcon.colcon_core.shell:Creating prefix chain script '/home/chengjing/Desktop/software_intro_task/install/setup.bash'
[3.623s] INFO:colcon.colcon_core.shell:Creating prefix script '/home/chengjing/Desktop/software_intro_task/install/local_setup.zsh'
[3.624s] INFO:colcon.colcon_core.shell:Creating prefix chain script '/home/chengjing/Desktop/software_intro_task/install/setup.zsh'
