-- The C compiler identification is GNU 9.4.0
-- The CXX compiler identification is GNU 9.4.0
-- Check for working C compiler: /usr/bin/cc
-- Check for working C compiler: /usr/bin/cc -- works
-- Detecting C compiler ABI info
-- Detecting C compiler ABI info - done
-- Detecting C compile features
-- Detecting C compile features - done
-- Check for working CXX compiler: /usr/bin/c++
-- Check for working CXX compiler: /usr/bin/c++ -- works
-- Detecting CXX compiler ABI info
-- Detecting CXX compiler ABI info - done
-- Detecting CXX compile features
-- Detecting CXX compile features - done
-- Found ament_cmake_auto: 1.1.5 (/opt/ros/galactic/share/ament_cmake_auto/cmake)
-- Found PythonInterp: /usr/bin/python3 (found suitable version "3.8.10", minimum required is "3") 
-- Using PYTHON_EXECUTABLE: /usr/bin/python3
-- Found rosidl_default_generators: 1.1.1 (/opt/ros/galactic/share/rosidl_default_generators/cmake)
-- Using all available rosidl_typesupport_c: rosidl_typesupport_fastrtps_c;rosidl_typesupport_introspection_c
-- Found rosidl_adapter: 2.2.2 (/opt/ros/galactic/share/rosidl_adapter/cmake)
-- Found OpenSSL: /usr/lib/x86_64-linux-gnu/libcrypto.so (found version "1.1.1f")  
-- Found FastRTPS: /opt/ros/galactic/include  
-- Using all available rosidl_typesupport_cpp: rosidl_typesupport_fastrtps_cpp;rosidl_typesupport_introspection_cpp
-- Found rmw_implementation_cmake: 3.3.1 (/opt/ros/galactic/share/rmw_implementation_cmake/cmake)
-- Found rmw_cyclonedds_cpp: 0.22.5 (/opt/ros/galactic/share/rmw_cyclonedds_cpp/cmake)
-- Using RMW implementation 'rmw_cyclonedds_cpp' as default
-- Looking for pthread.h
-- Looking for pthread.h - found
-- Performing Test CMAKE_HAVE_LIBC_PTHREAD
-- Performing Test CMAKE_HAVE_LIBC_PTHREAD - Failed
-- Looking for pthread_create in pthreads
-- Looking for pthread_create in pthreads - not found
-- Looking for pthread_create in pthread
-- Looking for pthread_create in pthread - found
-- Found Threads: TRUE  
-- Found PythonInterp: /usr/bin/python3 (found version "3.8.10") 
-- Found ament_cmake_ros: 0.9.2 (/opt/ros/galactic/share/ament_cmake_ros/cmake)
-- Using all available rosidl_typesupport_c: rosidl_typesupport_fastrtps_c;rosidl_typesupport_introspection_c
-- Using all available rosidl_typesupport_cpp: rosidl_typesupport_fastrtps_cpp;rosidl_typesupport_introspection_cpp
-- Found PythonInterp: /usr/bin/python3 (found suitable version "3.8.10", minimum required is "3.5") 
-- Found python_cmake_module: 0.8.1 (/opt/ros/galactic/share/python_cmake_module/cmake)
-- Found PythonLibs: /usr/lib/x86_64-linux-gnu/libpython3.8.so (found suitable version "3.8.10", minimum required is "3.5") 
-- Using PYTHON_EXECUTABLE: /usr/bin/python3
-- Using PYTHON_INCLUDE_DIRS: /usr/include/python3.8
-- Using PYTHON_LIBRARIES: /usr/lib/x86_64-linux-gnu/libpython3.8.so
-- Found PythonExtra: .so  
-- Found ament_lint_auto: 0.10.7 (/opt/ros/galactic/share/ament_lint_auto/cmake)
-- Added test 'copyright' to check source files copyright and LICENSE
-- Added test 'lint_cmake' to check CMake code style
-- Added test 'xmllint' to check XML markup files
-- Configuring done
-- Generating done
-- Build files have been written to: /home/chengjing/Desktop/software_intro_task/build/teleop_msgs
[  2%] [34m[1mGenerating C code for ROS interfaces[0m
[35m[1mScanning dependencies of target teleop_msgs__cpp[0m
[  5%] [34m[1mGenerating C++ code for ROS interfaces[0m
[  5%] Built target teleop_msgs__cpp
[35m[1mScanning dependencies of target teleop_msgs__rosidl_generator_c[0m
[ 10%] [34m[1mGenerating C++ type support dispatch for ROS interfaces[0m
[ 10%] [34m[1mGenerating C++ introspection for ROS interfaces[0m
[ 12%] [34m[1mGenerating C++ type support for eProsima Fast-RTPS[0m
[ 15%] [32mBuilding C object CMakeFiles/teleop_msgs__rosidl_generator_c.dir/rosidl_generator_c/teleop_msgs/srv/detail/emergency_stop__functions.c.o[0m
[ 17%] [32mBuilding C object CMakeFiles/teleop_msgs__rosidl_generator_c.dir/rosidl_generator_c/teleop_msgs/msg/detail/vehicle_control_data__functions.c.o[0m
[ 20%] [32m[1mLinking C shared library libteleop_msgs__rosidl_generator_c.so[0m
[ 20%] Built target teleop_msgs__rosidl_generator_c
[ 25%] [34m[1mGenerating C introspection for ROS interfaces[0m
[ 25%] [34m[1mGenerating C type support dispatch for ROS interfaces[0m
[35m[1mScanning dependencies of target teleop_msgs__rosidl_typesupport_cpp[0m
[ 28%] [32mBuilding CXX object CMakeFiles/teleop_msgs__rosidl_typesupport_cpp.dir/rosidl_typesupport_cpp/teleop_msgs/msg/vehicle_control_data__type_support.cpp.o[0m
[ 30%] [32mBuilding CXX object CMakeFiles/teleop_msgs__rosidl_typesupport_cpp.dir/rosidl_typesupport_cpp/teleop_msgs/srv/emergency_stop__type_support.cpp.o[0m
[35m[1mScanning dependencies of target teleop_msgs__rosidl_typesupport_introspection_cpp[0m
[35m[1mScanning dependencies of target teleop_msgs__rosidl_typesupport_fastrtps_cpp[0m
[ 35%] [32mBuilding CXX object CMakeFiles/teleop_msgs__rosidl_typesupport_introspection_cpp.dir/rosidl_typesupport_introspection_cpp/teleop_msgs/srv/detail/emergency_stop__type_support.cpp.o[0m
[ 35%] [32mBuilding CXX object CMakeFiles/teleop_msgs__rosidl_typesupport_introspection_cpp.dir/rosidl_typesupport_introspection_cpp/teleop_msgs/msg/detail/vehicle_control_data__type_support.cpp.o[0m
[ 38%] [32mBuilding CXX object CMakeFiles/teleop_msgs__rosidl_typesupport_fastrtps_cpp.dir/rosidl_typesupport_fastrtps_cpp/teleop_msgs/msg/detail/dds_fastrtps/vehicle_control_data__type_support.cpp.o[0m
[ 41%] [32mBuilding CXX object CMakeFiles/teleop_msgs__rosidl_typesupport_fastrtps_cpp.dir/rosidl_typesupport_fastrtps_cpp/teleop_msgs/srv/detail/dds_fastrtps/emergency_stop__type_support.cpp.o[0m
[35m[1mScanning dependencies of target teleop_msgs__rosidl_typesupport_c[0m
[ 43%] [32mBuilding CXX object CMakeFiles/teleop_msgs__rosidl_typesupport_c.dir/rosidl_typesupport_c/teleop_msgs/msg/vehicle_control_data__type_support.cpp.o[0m
[35m[1mScanning dependencies of target teleop_msgs__rosidl_typesupport_introspection_c[0m
[ 46%] [32mBuilding CXX object CMakeFiles/teleop_msgs__rosidl_typesupport_c.dir/rosidl_typesupport_c/teleop_msgs/srv/emergency_stop__type_support.cpp.o[0m
[ 48%] [32mBuilding C object CMakeFiles/teleop_msgs__rosidl_typesupport_introspection_c.dir/rosidl_typesupport_introspection_c/teleop_msgs/msg/detail/vehicle_control_data__type_support.c.o[0m
[ 51%] [32mBuilding C object CMakeFiles/teleop_msgs__rosidl_typesupport_introspection_c.dir/rosidl_typesupport_introspection_c/teleop_msgs/srv/detail/emergency_stop__type_support.c.o[0m
[ 53%] [32m[1mLinking CXX shared library libteleop_msgs__rosidl_typesupport_c.so[0m
[ 56%] [32m[1mLinking CXX shared library libteleop_msgs__rosidl_typesupport_cpp.so[0m
[ 58%] [32m[1mLinking C shared library libteleop_msgs__rosidl_typesupport_introspection_c.so[0m
[ 58%] Built target teleop_msgs__rosidl_typesupport_introspection_c
[ 58%] Built target teleop_msgs__rosidl_typesupport_cpp
[ 58%] Built target teleop_msgs__rosidl_typesupport_c
[ 61%] [32m[1mLinking CXX shared library libteleop_msgs__rosidl_typesupport_introspection_cpp.so[0m
[ 61%] Built target teleop_msgs__rosidl_typesupport_introspection_cpp
[ 64%] [32m[1mLinking CXX shared library libteleop_msgs__rosidl_typesupport_fastrtps_cpp.so[0m
[ 64%] Built target teleop_msgs__rosidl_typesupport_fastrtps_cpp
[ 66%] [34m[1mGenerating C type support for eProsima Fast-RTPS[0m
[35m[1mScanning dependencies of target teleop_msgs__rosidl_typesupport_fastrtps_c[0m
[ 71%] [32mBuilding CXX object CMakeFiles/teleop_msgs__rosidl_typesupport_fastrtps_c.dir/rosidl_typesupport_fastrtps_c/teleop_msgs/msg/detail/vehicle_control_data__type_support_c.cpp.o[0m
[ 71%] [32mBuilding CXX object CMakeFiles/teleop_msgs__rosidl_typesupport_fastrtps_c.dir/rosidl_typesupport_fastrtps_c/teleop_msgs/srv/detail/emergency_stop__type_support_c.cpp.o[0m
[ 74%] [32m[1mLinking CXX shared library libteleop_msgs__rosidl_typesupport_fastrtps_c.so[0m
[ 74%] Built target teleop_msgs__rosidl_typesupport_fastrtps_c
[35m[1mScanning dependencies of target teleop_msgs[0m
[ 74%] Built target teleop_msgs
[35m[1mScanning dependencies of target teleop_msgs__py[0m
[ 76%] [34m[1mGenerating Python code for ROS interfaces[0m
[ 76%] Built target teleop_msgs__py
[35m[1mScanning dependencies of target teleop_msgs__python[0m
[ 79%] [32mBuilding C object CMakeFiles/teleop_msgs__python.dir/rosidl_generator_py/teleop_msgs/srv/_emergency_stop_s.c.o[0m
[ 82%] [32mBuilding C object CMakeFiles/teleop_msgs__python.dir/rosidl_generator_py/teleop_msgs/msg/_vehicle_control_data_s.c.o[0m
[ 84%] [32m[1mLinking C shared library rosidl_generator_py/teleop_msgs/libteleop_msgs__python.so[0m
[ 84%] Built target teleop_msgs__python
[35m[1mScanning dependencies of target teleop_msgs__rosidl_typesupport_introspection_c__pyext[0m
[35m[1mScanning dependencies of target teleop_msgs__rosidl_typesupport_fastrtps_c__pyext[0m
[35m[1mScanning dependencies of target teleop_msgs__rosidl_typesupport_c__pyext[0m
[ 87%] [32mBuilding C object CMakeFiles/teleop_msgs__rosidl_typesupport_fastrtps_c__pyext.dir/rosidl_generator_py/teleop_msgs/_teleop_msgs_s.ep.rosidl_typesupport_fastrtps_c.c.o[0m
[ 89%] [32mBuilding C object CMakeFiles/teleop_msgs__rosidl_typesupport_c__pyext.dir/rosidl_generator_py/teleop_msgs/_teleop_msgs_s.ep.rosidl_typesupport_c.c.o[0m
[ 92%] [32mBuilding C object CMakeFiles/teleop_msgs__rosidl_typesupport_introspection_c__pyext.dir/rosidl_generator_py/teleop_msgs/_teleop_msgs_s.ep.rosidl_typesupport_introspection_c.c.o[0m
[ 94%] [32m[1mLinking CXX shared library rosidl_generator_py/teleop_msgs/teleop_msgs_s__rosidl_typesupport_fastrtps_c.cpython-38-x86_64-linux-gnu.so[0m
[ 97%] [32m[1mLinking C shared library rosidl_generator_py/teleop_msgs/teleop_msgs_s__rosidl_typesupport_c.cpython-38-x86_64-linux-gnu.so[0m
[100%] [32m[1mLinking C shared library rosidl_generator_py/teleop_msgs/teleop_msgs_s__rosidl_typesupport_introspection_c.cpython-38-x86_64-linux-gnu.so[0m
[100%] Built target teleop_msgs__rosidl_typesupport_c__pyext
[100%] Built target teleop_msgs__rosidl_typesupport_introspection_c__pyext
[100%] Built target teleop_msgs__rosidl_typesupport_fastrtps_c__pyext
-- Install configuration: ""
-- Installing: /home/chengjing/Desktop/software_intro_task/install/teleop_msgs/share/ament_index/resource_index/rosidl_interfaces/teleop_msgs
-- Installing: /home/chengjing/Desktop/software_intro_task/install/teleop_msgs/include/teleop_msgs
-- Installing: /home/chengjing/Desktop/software_intro_task/install/teleop_msgs/include/teleop_msgs/msg
-- Installing: /home/chengjing/Desktop/software_intro_task/install/teleop_msgs/include/teleop_msgs/msg/rosidl_generator_c__visibility_control.h
-- Installing: /home/chengjing/Desktop/software_intro_task/install/teleop_msgs/include/teleop_msgs/msg/detail
-- Installing: /home/chengjing/Desktop/software_intro_task/install/teleop_msgs/include/teleop_msgs/msg/detail/vehicle_control_data__functions.h
-- Installing: /home/chengjing/Desktop/software_intro_task/install/teleop_msgs/include/teleop_msgs/msg/detail/vehicle_control_data__type_support.h
-- Installing: /home/chengjing/Desktop/software_intro_task/install/teleop_msgs/include/teleop_msgs/msg/detail/vehicle_control_data__functions.c
-- Installing: /home/chengjing/Desktop/software_intro_task/install/teleop_msgs/include/teleop_msgs/msg/detail/vehicle_control_data__struct.h
-- Installing: /home/chengjing/Desktop/software_intro_task/install/teleop_msgs/include/teleop_msgs/msg/vehicle_control_data.h
-- Installing: /home/chengjing/Desktop/software_intro_task/install/teleop_msgs/include/teleop_msgs/srv
-- Installing: /home/chengjing/Desktop/software_intro_task/install/teleop_msgs/include/teleop_msgs/srv/detail
-- Installing: /home/chengjing/Desktop/software_intro_task/install/teleop_msgs/include/teleop_msgs/srv/detail/emergency_stop__type_support.h
-- Installing: /home/chengjing/Desktop/software_intro_task/install/teleop_msgs/include/teleop_msgs/srv/detail/emergency_stop__struct.h
-- Installing: /home/chengjing/Desktop/software_intro_task/install/teleop_msgs/include/teleop_msgs/srv/detail/emergency_stop__functions.h
-- Installing: /home/chengjing/Desktop/software_intro_task/install/teleop_msgs/include/teleop_msgs/srv/detail/emergency_stop__functions.c
-- Installing: /home/chengjing/Desktop/software_intro_task/install/teleop_msgs/include/teleop_msgs/srv/emergency_stop.h
-- Installing: /home/chengjing/Desktop/software_intro_task/install/teleop_msgs/share/teleop_msgs/environment/library_path.sh
-- Installing: /home/chengjing/Desktop/software_intro_task/install/teleop_msgs/share/teleop_msgs/environment/library_path.dsv
-- Installing: /home/chengjing/Desktop/software_intro_task/install/teleop_msgs/lib/libteleop_msgs__rosidl_generator_c.so
-- Set runtime path of "/home/chengjing/Desktop/software_intro_task/install/teleop_msgs/lib/libteleop_msgs__rosidl_generator_c.so" to ""
-- Up-to-date: /home/chengjing/Desktop/software_intro_task/install/teleop_msgs/include/teleop_msgs
-- Up-to-date: /home/chengjing/Desktop/software_intro_task/install/teleop_msgs/include/teleop_msgs/msg
-- Installing: /home/chengjing/Desktop/software_intro_task/install/teleop_msgs/include/teleop_msgs/msg/rosidl_typesupport_fastrtps_c__visibility_control.h
-- Up-to-date: /home/chengjing/Desktop/software_intro_task/install/teleop_msgs/include/teleop_msgs/msg/detail
-- Installing: /home/chengjing/Desktop/software_intro_task/install/teleop_msgs/include/teleop_msgs/msg/detail/vehicle_control_data__rosidl_typesupport_fastrtps_c.h
-- Up-to-date: /home/chengjing/Desktop/software_intro_task/install/teleop_msgs/include/teleop_msgs/srv
-- Up-to-date: /home/chengjing/Desktop/software_intro_task/install/teleop_msgs/include/teleop_msgs/srv/detail
-- Installing: /home/chengjing/Desktop/software_intro_task/install/teleop_msgs/include/teleop_msgs/srv/detail/emergency_stop__rosidl_typesupport_fastrtps_c.h
-- Installing: /home/chengjing/Desktop/software_intro_task/install/teleop_msgs/lib/libteleop_msgs__rosidl_typesupport_fastrtps_c.so
-- Set runtime path of "/home/chengjing/Desktop/software_intro_task/install/teleop_msgs/lib/libteleop_msgs__rosidl_typesupport_fastrtps_c.so" to ""
-- Up-to-date: /home/chengjing/Desktop/software_intro_task/install/teleop_msgs/include/teleop_msgs
-- Up-to-date: /home/chengjing/Desktop/software_intro_task/install/teleop_msgs/include/teleop_msgs/msg
-- Up-to-date: /home/chengjing/Desktop/software_intro_task/install/teleop_msgs/include/teleop_msgs/msg/detail
-- Installing: /home/chengjing/Desktop/software_intro_task/install/teleop_msgs/include/teleop_msgs/msg/detail/vehicle_control_data__rosidl_typesupport_fastrtps_cpp.hpp
-- Installing: /home/chengjing/Desktop/software_intro_task/install/teleop_msgs/include/teleop_msgs/msg/detail/dds_fastrtps
-- Installing: /home/chengjing/Desktop/software_intro_task/install/teleop_msgs/include/teleop_msgs/msg/rosidl_typesupport_fastrtps_cpp__visibility_control.h
-- Up-to-date: /home/chengjing/Desktop/software_intro_task/install/teleop_msgs/include/teleop_msgs/srv
-- Up-to-date: /home/chengjing/Desktop/software_intro_task/install/teleop_msgs/include/teleop_msgs/srv/detail
-- Installing: /home/chengjing/Desktop/software_intro_task/install/teleop_msgs/include/teleop_msgs/srv/detail/emergency_stop__rosidl_typesupport_fastrtps_cpp.hpp
-- Installing: /home/chengjing/Desktop/software_intro_task/install/teleop_msgs/include/teleop_msgs/srv/detail/dds_fastrtps
-- Installing: /home/chengjing/Desktop/software_intro_task/install/teleop_msgs/lib/libteleop_msgs__rosidl_typesupport_fastrtps_cpp.so
-- Set runtime path of "/home/chengjing/Desktop/software_intro_task/install/teleop_msgs/lib/libteleop_msgs__rosidl_typesupport_fastrtps_cpp.so" to ""
-- Up-to-date: /home/chengjing/Desktop/software_intro_task/install/teleop_msgs/include/teleop_msgs
-- Up-to-date: /home/chengjing/Desktop/software_intro_task/install/teleop_msgs/include/teleop_msgs/msg
-- Installing: /home/chengjing/Desktop/software_intro_task/install/teleop_msgs/include/teleop_msgs/msg/rosidl_typesupport_introspection_c__visibility_control.h
-- Up-to-date: /home/chengjing/Desktop/software_intro_task/install/teleop_msgs/include/teleop_msgs/msg/detail
-- Installing: /home/chengjing/Desktop/software_intro_task/install/teleop_msgs/include/teleop_msgs/msg/detail/vehicle_control_data__type_support.c
-- Installing: /home/chengjing/Desktop/software_intro_task/install/teleop_msgs/include/teleop_msgs/msg/detail/vehicle_control_data__rosidl_typesupport_introspection_c.h
-- Up-to-date: /home/chengjing/Desktop/software_intro_task/install/teleop_msgs/include/teleop_msgs/srv
-- Up-to-date: /home/chengjing/Desktop/software_intro_task/install/teleop_msgs/include/teleop_msgs/srv/detail
-- Installing: /home/chengjing/Desktop/software_intro_task/install/teleop_msgs/include/teleop_msgs/srv/detail/emergency_stop__type_support.c
-- Installing: /home/chengjing/Desktop/software_intro_task/install/teleop_msgs/include/teleop_msgs/srv/detail/emergency_stop__rosidl_typesupport_introspection_c.h
-- Installing: /home/chengjing/Desktop/software_intro_task/install/teleop_msgs/lib/libteleop_msgs__rosidl_typesupport_introspection_c.so
-- Set runtime path of "/home/chengjing/Desktop/software_intro_task/install/teleop_msgs/lib/libteleop_msgs__rosidl_typesupport_introspection_c.so" to ""
-- Installing: /home/chengjing/Desktop/software_intro_task/install/teleop_msgs/lib/libteleop_msgs__rosidl_typesupport_c.so
-- Set runtime path of "/home/chengjing/Desktop/software_intro_task/install/teleop_msgs/lib/libteleop_msgs__rosidl_typesupport_c.so" to ""
-- Up-to-date: /home/chengjing/Desktop/software_intro_task/install/teleop_msgs/include/teleop_msgs
-- Up-to-date: /home/chengjing/Desktop/software_intro_task/install/teleop_msgs/include/teleop_msgs/msg
-- Up-to-date: /home/chengjing/Desktop/software_intro_task/install/teleop_msgs/include/teleop_msgs/msg/detail
-- Installing: /home/chengjing/Desktop/software_intro_task/install/teleop_msgs/include/teleop_msgs/msg/detail/vehicle_control_data__builder.hpp
-- Installing: /home/chengjing/Desktop/software_intro_task/install/teleop_msgs/include/teleop_msgs/msg/detail/vehicle_control_data__traits.hpp
-- Installing: /home/chengjing/Desktop/software_intro_task/install/teleop_msgs/include/teleop_msgs/msg/detail/vehicle_control_data__struct.hpp
-- Installing: /home/chengjing/Desktop/software_intro_task/install/teleop_msgs/include/teleop_msgs/msg/vehicle_control_data.hpp
-- Up-to-date: /home/chengjing/Desktop/software_intro_task/install/teleop_msgs/include/teleop_msgs/srv
-- Installing: /home/chengjing/Desktop/software_intro_task/install/teleop_msgs/include/teleop_msgs/srv/emergency_stop.hpp
-- Up-to-date: /home/chengjing/Desktop/software_intro_task/install/teleop_msgs/include/teleop_msgs/srv/detail
-- Installing: /home/chengjing/Desktop/software_intro_task/install/teleop_msgs/include/teleop_msgs/srv/detail/emergency_stop__struct.hpp
-- Installing: /home/chengjing/Desktop/software_intro_task/install/teleop_msgs/include/teleop_msgs/srv/detail/emergency_stop__builder.hpp
-- Installing: /home/chengjing/Desktop/software_intro_task/install/teleop_msgs/include/teleop_msgs/srv/detail/emergency_stop__traits.hpp
-- Up-to-date: /home/chengjing/Desktop/software_intro_task/install/teleop_msgs/include/teleop_msgs
-- Up-to-date: /home/chengjing/Desktop/software_intro_task/install/teleop_msgs/include/teleop_msgs/msg
-- Up-to-date: /home/chengjing/Desktop/software_intro_task/install/teleop_msgs/include/teleop_msgs/msg/detail
-- Installing: /home/chengjing/Desktop/software_intro_task/install/teleop_msgs/include/teleop_msgs/msg/detail/vehicle_control_data__type_support.cpp
-- Installing: /home/chengjing/Desktop/software_intro_task/install/teleop_msgs/include/teleop_msgs/msg/detail/vehicle_control_data__rosidl_typesupport_introspection_cpp.hpp
-- Up-to-date: /home/chengjing/Desktop/software_intro_task/install/teleop_msgs/include/teleop_msgs/srv
-- Up-to-date: /home/chengjing/Desktop/software_intro_task/install/teleop_msgs/include/teleop_msgs/srv/detail
-- Installing: /home/chengjing/Desktop/software_intro_task/install/teleop_msgs/include/teleop_msgs/srv/detail/emergency_stop__rosidl_typesupport_introspection_cpp.hpp
-- Installing: /home/chengjing/Desktop/software_intro_task/install/teleop_msgs/include/teleop_msgs/srv/detail/emergency_stop__type_support.cpp
-- Installing: /home/chengjing/Desktop/software_intro_task/install/teleop_msgs/lib/libteleop_msgs__rosidl_typesupport_introspection_cpp.so
-- Set runtime path of "/home/chengjing/Desktop/software_intro_task/install/teleop_msgs/lib/libteleop_msgs__rosidl_typesupport_introspection_cpp.so" to ""
-- Installing: /home/chengjing/Desktop/software_intro_task/install/teleop_msgs/lib/libteleop_msgs__rosidl_typesupport_cpp.so
-- Set runtime path of "/home/chengjing/Desktop/software_intro_task/install/teleop_msgs/lib/libteleop_msgs__rosidl_typesupport_cpp.so" to ""
-- Installing: /home/chengjing/Desktop/software_intro_task/install/teleop_msgs/share/teleop_msgs/environment/pythonpath.sh
-- Installing: /home/chengjing/Desktop/software_intro_task/install/teleop_msgs/share/teleop_msgs/environment/pythonpath.dsv
-- Installing: /home/chengjing/Desktop/software_intro_task/install/teleop_msgs/lib/python3.8/site-packages/teleop_msgs/__init__.py
Compiling '/home/chengjing/Desktop/software_intro_task/install/teleop_msgs/lib/python3.8/site-packages/teleop_msgs/__init__.py'...
-- Installing: /home/chengjing/Desktop/software_intro_task/install/teleop_msgs/lib/python3.8/site-packages/teleop_msgs/msg
-- Installing: /home/chengjing/Desktop/software_intro_task/install/teleop_msgs/lib/python3.8/site-packages/teleop_msgs/msg/__init__.py
-- Installing: /home/chengjing/Desktop/software_intro_task/install/teleop_msgs/lib/python3.8/site-packages/teleop_msgs/msg/_vehicle_control_data_s.c
-- Installing: /home/chengjing/Desktop/software_intro_task/install/teleop_msgs/lib/python3.8/site-packages/teleop_msgs/msg/_vehicle_control_data.py
-- Installing: /home/chengjing/Desktop/software_intro_task/install/teleop_msgs/lib/python3.8/site-packages/teleop_msgs/srv
-- Installing: /home/chengjing/Desktop/software_intro_task/install/teleop_msgs/lib/python3.8/site-packages/teleop_msgs/srv/__init__.py
-- Installing: /home/chengjing/Desktop/software_intro_task/install/teleop_msgs/lib/python3.8/site-packages/teleop_msgs/srv/_emergency_stop_s.c
-- Installing: /home/chengjing/Desktop/software_intro_task/install/teleop_msgs/lib/python3.8/site-packages/teleop_msgs/srv/_emergency_stop.py
-- Installing: /home/chengjing/Desktop/software_intro_task/install/teleop_msgs/lib/python3.8/site-packages/teleop_msgs/teleop_msgs_s__rosidl_typesupport_fastrtps_c.cpython-38-x86_64-linux-gnu.so
-- Set runtime path of "/home/chengjing/Desktop/software_intro_task/install/teleop_msgs/lib/python3.8/site-packages/teleop_msgs/teleop_msgs_s__rosidl_typesupport_fastrtps_c.cpython-38-x86_64-linux-gnu.so" to ""
-- Installing: /home/chengjing/Desktop/software_intro_task/install/teleop_msgs/lib/python3.8/site-packages/teleop_msgs/teleop_msgs_s__rosidl_typesupport_introspection_c.cpython-38-x86_64-linux-gnu.so
-- Set runtime path of "/home/chengjing/Desktop/software_intro_task/install/teleop_msgs/lib/python3.8/site-packages/teleop_msgs/teleop_msgs_s__rosidl_typesupport_introspection_c.cpython-38-x86_64-linux-gnu.so" to ""
-- Installing: /home/chengjing/Desktop/software_intro_task/install/teleop_msgs/lib/python3.8/site-packages/teleop_msgs/teleop_msgs_s__rosidl_typesupport_c.cpython-38-x86_64-linux-gnu.so
-- Set runtime path of "/home/chengjing/Desktop/software_intro_task/install/teleop_msgs/lib/python3.8/site-packages/teleop_msgs/teleop_msgs_s__rosidl_typesupport_c.cpython-38-x86_64-linux-gnu.so" to ""
-- Installing: /home/chengjing/Desktop/software_intro_task/install/teleop_msgs/lib/libteleop_msgs__python.so
-- Set runtime path of "/home/chengjing/Desktop/software_intro_task/install/teleop_msgs/lib/libteleop_msgs__python.so" to ""
-- Installing: /home/chengjing/Desktop/software_intro_task/install/teleop_msgs/share/teleop_msgs/msg/VehicleControlData.idl
-- Installing: /home/chengjing/Desktop/software_intro_task/install/teleop_msgs/share/teleop_msgs/srv/EmergencyStop.idl
-- Installing: /home/chengjing/Desktop/software_intro_task/install/teleop_msgs/share/teleop_msgs/msg/VehicleControlData.msg
-- Installing: /home/chengjing/Desktop/software_intro_task/install/teleop_msgs/share/teleop_msgs/srv/EmergencyStop.srv
-- Installing: /home/chengjing/Desktop/software_intro_task/install/teleop_msgs/share/teleop_msgs/srv/EmergencyStop_Request.msg
-- Installing: /home/chengjing/Desktop/software_intro_task/install/teleop_msgs/share/teleop_msgs/srv/EmergencyStop_Response.msg
-- Installing: /home/chengjing/Desktop/software_intro_task/install/teleop_msgs/share/ament_index/resource_index/package_run_dependencies/teleop_msgs
-- Installing: /home/chengjing/Desktop/software_intro_task/install/teleop_msgs/share/ament_index/resource_index/parent_prefix_path/teleop_msgs
-- Installing: /home/chengjing/Desktop/software_intro_task/install/teleop_msgs/share/teleop_msgs/environment/ament_prefix_path.sh
-- Installing: /home/chengjing/Desktop/software_intro_task/install/teleop_msgs/share/teleop_msgs/environment/ament_prefix_path.dsv
-- Installing: /home/chengjing/Desktop/software_intro_task/install/teleop_msgs/share/teleop_msgs/environment/path.sh
-- Installing: /home/chengjing/Desktop/software_intro_task/install/teleop_msgs/share/teleop_msgs/environment/path.dsv
-- Installing: /home/chengjing/Desktop/software_intro_task/install/teleop_msgs/share/teleop_msgs/local_setup.bash
-- Installing: /home/chengjing/Desktop/software_intro_task/install/teleop_msgs/share/teleop_msgs/local_setup.sh
-- Installing: /home/chengjing/Desktop/software_intro_task/install/teleop_msgs/share/teleop_msgs/local_setup.zsh
-- Installing: /home/chengjing/Desktop/software_intro_task/install/teleop_msgs/share/teleop_msgs/local_setup.dsv
-- Installing: /home/chengjing/Desktop/software_intro_task/install/teleop_msgs/share/teleop_msgs/package.dsv
-- Installing: /home/chengjing/Desktop/software_intro_task/install/teleop_msgs/share/ament_index/resource_index/packages/teleop_msgs
-- Installing: /home/chengjing/Desktop/software_intro_task/install/teleop_msgs/share/teleop_msgs/cmake/teleop_msgs__rosidl_generator_cExport.cmake
-- Installing: /home/chengjing/Desktop/software_intro_task/install/teleop_msgs/share/teleop_msgs/cmake/teleop_msgs__rosidl_generator_cExport-noconfig.cmake
-- Installing: /home/chengjing/Desktop/software_intro_task/install/teleop_msgs/share/teleop_msgs/cmake/teleop_msgs__rosidl_typesupport_introspection_cExport.cmake
-- Installing: /home/chengjing/Desktop/software_intro_task/install/teleop_msgs/share/teleop_msgs/cmake/teleop_msgs__rosidl_typesupport_introspection_cExport-noconfig.cmake
-- Installing: /home/chengjing/Desktop/software_intro_task/install/teleop_msgs/share/teleop_msgs/cmake/teleop_msgs__rosidl_typesupport_cExport.cmake
-- Installing: /home/chengjing/Desktop/software_intro_task/install/teleop_msgs/share/teleop_msgs/cmake/teleop_msgs__rosidl_typesupport_cExport-noconfig.cmake
-- Installing: /home/chengjing/Desktop/software_intro_task/install/teleop_msgs/share/teleop_msgs/cmake/teleop_msgs__rosidl_generator_cppExport.cmake
-- Installing: /home/chengjing/Desktop/software_intro_task/install/teleop_msgs/share/teleop_msgs/cmake/teleop_msgs__rosidl_typesupport_introspection_cppExport.cmake
-- Installing: /home/chengjing/Desktop/software_intro_task/install/teleop_msgs/share/teleop_msgs/cmake/teleop_msgs__rosidl_typesupport_introspection_cppExport-noconfig.cmake
-- Installing: /home/chengjing/Desktop/software_intro_task/install/teleop_msgs/share/teleop_msgs/cmake/teleop_msgs__rosidl_typesupport_cppExport.cmake
-- Installing: /home/chengjing/Desktop/software_intro_task/install/teleop_msgs/share/teleop_msgs/cmake/teleop_msgs__rosidl_typesupport_cppExport-noconfig.cmake
-- Installing: /home/chengjing/Desktop/software_intro_task/install/teleop_msgs/share/teleop_msgs/cmake/rosidl_cmake-extras.cmake
-- Installing: /home/chengjing/Desktop/software_intro_task/install/teleop_msgs/share/teleop_msgs/cmake/ament_cmake_export_dependencies-extras.cmake
-- Installing: /home/chengjing/Desktop/software_intro_task/install/teleop_msgs/share/teleop_msgs/cmake/ament_cmake_export_libraries-extras.cmake
-- Installing: /home/chengjing/Desktop/software_intro_task/install/teleop_msgs/share/teleop_msgs/cmake/ament_cmake_export_targets-extras.cmake
-- Installing: /home/chengjing/Desktop/software_intro_task/install/teleop_msgs/share/teleop_msgs/cmake/ament_cmake_export_include_directories-extras.cmake
-- Installing: /home/chengjing/Desktop/software_intro_task/install/teleop_msgs/share/teleop_msgs/cmake/rosidl_cmake_export_typesupport_libraries-extras.cmake
-- Installing: /home/chengjing/Desktop/software_intro_task/install/teleop_msgs/share/teleop_msgs/cmake/rosidl_cmake_export_typesupport_targets-extras.cmake
-- Installing: /home/chengjing/Desktop/software_intro_task/install/teleop_msgs/share/teleop_msgs/cmake/teleop_msgsConfig.cmake
-- Installing: /home/chengjing/Desktop/software_intro_task/install/teleop_msgs/share/teleop_msgs/cmake/teleop_msgsConfig-version.cmake
-- Installing: /home/chengjing/Desktop/software_intro_task/install/teleop_msgs/share/teleop_msgs/package.xml
