[0.009s] Invoking command in '/home/chengjing/Desktop/software_intro_task/build/teleop_msgs': CMAKE_PREFIX_PATH=/opt/ros/galactic /usr/bin/cmake /home/chengjing/Desktop/software_intro_task/src/teleop_msgs -DCMAKE_INSTALL_PREFIX=/home/chengjing/Desktop/software_intro_task/install/teleop_msgs
[0.044s] -- The C compiler identification is GNU 9.4.0
[0.078s] -- The CXX compiler identification is GNU 9.4.0
[0.081s] -- Check for working C compiler: /usr/bin/cc
[0.124s] -- Check for working C compiler: /usr/bin/cc -- works
[0.125s] -- Detecting C compiler ABI info
[0.168s] -- Detecting C compiler ABI info - done
[0.176s] -- Detecting C compile features
[0.177s] -- Detecting C compile features - done
[0.178s] -- Check for working CXX compiler: /usr/bin/c++
[0.228s] -- Check for working CXX compiler: /usr/bin/c++ -- works
[0.229s] -- Detecting CXX compiler ABI info
[0.280s] -- Detecting CXX compiler ABI info - done
[0.288s] -- Detecting CXX compile features
[0.289s] -- Detecting CXX compile features - done
[0.290s] -- Found ament_cmake_auto: 1.1.5 (/opt/ros/galactic/share/ament_cmake_auto/cmake)
[0.307s] -- Found PythonInterp: /usr/bin/python3 (found suitable version "3.8.10", minimum required is "3") 
[0.307s] -- Using PYTHON_EXECUTABLE: /usr/bin/python3
[0.359s] -- Found rosidl_default_generators: 1.1.1 (/opt/ros/galactic/share/rosidl_default_generators/cmake)
[0.361s] -- Using all available rosidl_typesupport_c: rosidl_typesupport_fastrtps_c;rosidl_typesupport_introspection_c
[0.365s] -- Found rosidl_adapter: 2.2.2 (/opt/ros/galactic/share/rosidl_adapter/cmake)
[0.421s] -- Found OpenSSL: /usr/lib/x86_64-linux-gnu/libcrypto.so (found version "1.1.1f")  
[0.441s] -- Found FastRTPS: /opt/ros/galactic/include  
[0.496s] -- Using all available rosidl_typesupport_cpp: rosidl_typesupport_fastrtps_cpp;rosidl_typesupport_introspection_cpp
[0.605s] -- Found rmw_implementation_cmake: 3.3.1 (/opt/ros/galactic/share/rmw_implementation_cmake/cmake)
[0.606s] -- Found rmw_cyclonedds_cpp: 0.22.5 (/opt/ros/galactic/share/rmw_cyclonedds_cpp/cmake)
[0.620s] -- Using RMW implementation 'rmw_cyclonedds_cpp' as default
[0.621s] -- Looking for pthread.h
[0.667s] -- Looking for pthread.h - found
[0.667s] -- Performing Test CMAKE_HAVE_LIBC_PTHREAD
[0.714s] -- Performing Test CMAKE_HAVE_LIBC_PTHREAD - Failed
[0.714s] -- Looking for pthread_create in pthreads
[0.752s] -- Looking for pthread_create in pthreads - not found
[0.752s] -- Looking for pthread_create in pthread
[0.796s] -- Looking for pthread_create in pthread - found
[0.797s] -- Found Threads: TRUE  
[0.962s] -- Found PythonInterp: /usr/bin/python3 (found version "3.8.10") 
[1.010s] -- Found ament_cmake_ros: 0.9.2 (/opt/ros/galactic/share/ament_cmake_ros/cmake)
[1.076s] -- Using all available rosidl_typesupport_c: rosidl_typesupport_fastrtps_c;rosidl_typesupport_introspection_c
[1.081s] -- Using all available rosidl_typesupport_cpp: rosidl_typesupport_fastrtps_cpp;rosidl_typesupport_introspection_cpp
[1.096s] -- Found PythonInterp: /usr/bin/python3 (found suitable version "3.8.10", minimum required is "3.5") 
[1.097s] -- Found python_cmake_module: 0.8.1 (/opt/ros/galactic/share/python_cmake_module/cmake)
[1.115s] -- Found PythonLibs: /usr/lib/x86_64-linux-gnu/libpython3.8.so (found suitable version "3.8.10", minimum required is "3.5") 
[1.116s] -- Using PYTHON_EXECUTABLE: /usr/bin/python3
[1.116s] -- Using PYTHON_INCLUDE_DIRS: /usr/include/python3.8
[1.116s] -- Using PYTHON_LIBRARIES: /usr/lib/x86_64-linux-gnu/libpython3.8.so
[1.130s] -- Found PythonExtra: .so  
[1.159s] -- Found ament_lint_auto: 0.10.7 (/opt/ros/galactic/share/ament_lint_auto/cmake)
[1.172s] -- Added test 'copyright' to check source files copyright and LICENSE
[1.173s] -- Added test 'lint_cmake' to check CMake code style
[1.174s] -- Added test 'xmllint' to check XML markup files
[1.177s] -- Configuring done
[1.199s] -- Generating done
[1.201s] -- Build files have been written to: /home/chengjing/Desktop/software_intro_task/build/teleop_msgs
[1.207s] Invoked command in '/home/chengjing/Desktop/software_intro_task/build/teleop_msgs' returned '0': CMAKE_PREFIX_PATH=/opt/ros/galactic /usr/bin/cmake /home/chengjing/Desktop/software_intro_task/src/teleop_msgs -DCMAKE_INSTALL_PREFIX=/home/chengjing/Desktop/software_intro_task/install/teleop_msgs
[1.209s] Invoking command in '/home/chengjing/Desktop/software_intro_task/build/teleop_msgs': CMAKE_PREFIX_PATH=/opt/ros/galactic /usr/bin/cmake --build /home/chengjing/Desktop/software_intro_task/build/teleop_msgs -- -j8 -l8
[1.237s] [  2%] [34m[1mGenerating C code for ROS interfaces[0m
[1.237s] [35m[1mScanning dependencies of target teleop_msgs__cpp[0m
[1.244s] [  5%] [34m[1mGenerating C++ code for ROS interfaces[0m
[1.457s] [  5%] Built target teleop_msgs__cpp
[1.461s] [35m[1mScanning dependencies of target teleop_msgs__rosidl_generator_c[0m
[1.463s] [ 10%] [34m[1mGenerating C++ type support dispatch for ROS interfaces[0m
[1.463s] [ 10%] [34m[1mGenerating C++ introspection for ROS interfaces[0m
[1.467s] [ 12%] [34m[1mGenerating C++ type support for eProsima Fast-RTPS[0m
[1.469s] [ 15%] [32mBuilding C object CMakeFiles/teleop_msgs__rosidl_generator_c.dir/rosidl_generator_c/teleop_msgs/srv/detail/emergency_stop__functions.c.o[0m
[1.476s] [ 17%] [32mBuilding C object CMakeFiles/teleop_msgs__rosidl_generator_c.dir/rosidl_generator_c/teleop_msgs/msg/detail/vehicle_control_data__functions.c.o[0m
[1.528s] [ 20%] [32m[1mLinking C shared library libteleop_msgs__rosidl_generator_c.so[0m
[1.550s] [ 20%] Built target teleop_msgs__rosidl_generator_c
[1.557s] [ 25%] [34m[1mGenerating C introspection for ROS interfaces[0m
[1.557s] [ 25%] [34m[1mGenerating C type support dispatch for ROS interfaces[0m
[1.639s] [35m[1mScanning dependencies of target teleop_msgs__rosidl_typesupport_cpp[0m
[1.661s] [ 28%] [32mBuilding CXX object CMakeFiles/teleop_msgs__rosidl_typesupport_cpp.dir/rosidl_typesupport_cpp/teleop_msgs/msg/vehicle_control_data__type_support.cpp.o[0m
[1.665s] [ 30%] [32mBuilding CXX object CMakeFiles/teleop_msgs__rosidl_typesupport_cpp.dir/rosidl_typesupport_cpp/teleop_msgs/srv/emergency_stop__type_support.cpp.o[0m
[1.671s] [35m[1mScanning dependencies of target teleop_msgs__rosidl_typesupport_introspection_cpp[0m
[1.678s] [35m[1mScanning dependencies of target teleop_msgs__rosidl_typesupport_fastrtps_cpp[0m
[1.680s] [ 35%] [32mBuilding CXX object CMakeFiles/teleop_msgs__rosidl_typesupport_introspection_cpp.dir/rosidl_typesupport_introspection_cpp/teleop_msgs/srv/detail/emergency_stop__type_support.cpp.o[0m
[1.680s] [ 35%] [32mBuilding CXX object CMakeFiles/teleop_msgs__rosidl_typesupport_introspection_cpp.dir/rosidl_typesupport_introspection_cpp/teleop_msgs/msg/detail/vehicle_control_data__type_support.cpp.o[0m
[1.724s] [ 38%] [32mBuilding CXX object CMakeFiles/teleop_msgs__rosidl_typesupport_fastrtps_cpp.dir/rosidl_typesupport_fastrtps_cpp/teleop_msgs/msg/detail/dds_fastrtps/vehicle_control_data__type_support.cpp.o[0m
[1.730s] [ 41%] [32mBuilding CXX object CMakeFiles/teleop_msgs__rosidl_typesupport_fastrtps_cpp.dir/rosidl_typesupport_fastrtps_cpp/teleop_msgs/srv/detail/dds_fastrtps/emergency_stop__type_support.cpp.o[0m
[1.737s] [35m[1mScanning dependencies of target teleop_msgs__rosidl_typesupport_c[0m
[1.753s] [ 43%] [32mBuilding CXX object CMakeFiles/teleop_msgs__rosidl_typesupport_c.dir/rosidl_typesupport_c/teleop_msgs/msg/vehicle_control_data__type_support.cpp.o[0m
[1.804s] [35m[1mScanning dependencies of target teleop_msgs__rosidl_typesupport_introspection_c[0m
[1.825s] [ 46%] [32mBuilding CXX object CMakeFiles/teleop_msgs__rosidl_typesupport_c.dir/rosidl_typesupport_c/teleop_msgs/srv/emergency_stop__type_support.cpp.o[0m
[1.849s] [ 48%] [32mBuilding C object CMakeFiles/teleop_msgs__rosidl_typesupport_introspection_c.dir/rosidl_typesupport_introspection_c/teleop_msgs/msg/detail/vehicle_control_data__type_support.c.o[0m
[1.865s] [ 51%] [32mBuilding C object CMakeFiles/teleop_msgs__rosidl_typesupport_introspection_c.dir/rosidl_typesupport_introspection_c/teleop_msgs/srv/detail/emergency_stop__type_support.c.o[0m
[1.894s] [ 53%] [32m[1mLinking CXX shared library libteleop_msgs__rosidl_typesupport_c.so[0m
[1.911s] [ 56%] [32m[1mLinking CXX shared library libteleop_msgs__rosidl_typesupport_cpp.so[0m
[1.919s] [ 58%] [32m[1mLinking C shared library libteleop_msgs__rosidl_typesupport_introspection_c.so[0m
[1.960s] [ 58%] Built target teleop_msgs__rosidl_typesupport_introspection_c
[1.961s] [ 58%] Built target teleop_msgs__rosidl_typesupport_cpp
[1.969s] [ 58%] Built target teleop_msgs__rosidl_typesupport_c
[1.985s] [ 61%] [32m[1mLinking CXX shared library libteleop_msgs__rosidl_typesupport_introspection_cpp.so[0m
[2.022s] [ 61%] Built target teleop_msgs__rosidl_typesupport_introspection_cpp
[2.069s] [ 64%] [32m[1mLinking CXX shared library libteleop_msgs__rosidl_typesupport_fastrtps_cpp.so[0m
[2.124s] [ 64%] Built target teleop_msgs__rosidl_typesupport_fastrtps_cpp
[2.131s] [ 66%] [34m[1mGenerating C type support for eProsima Fast-RTPS[0m
[2.318s] [35m[1mScanning dependencies of target teleop_msgs__rosidl_typesupport_fastrtps_c[0m
[2.329s] [ 71%] [32mBuilding CXX object CMakeFiles/teleop_msgs__rosidl_typesupport_fastrtps_c.dir/rosidl_typesupport_fastrtps_c/teleop_msgs/msg/detail/vehicle_control_data__type_support_c.cpp.o[0m
[2.329s] [ 71%] [32mBuilding CXX object CMakeFiles/teleop_msgs__rosidl_typesupport_fastrtps_c.dir/rosidl_typesupport_fastrtps_c/teleop_msgs/srv/detail/emergency_stop__type_support_c.cpp.o[0m
[2.577s] [ 74%] [32m[1mLinking CXX shared library libteleop_msgs__rosidl_typesupport_fastrtps_c.so[0m
[2.632s] [ 74%] Built target teleop_msgs__rosidl_typesupport_fastrtps_c
[2.639s] [35m[1mScanning dependencies of target teleop_msgs[0m
[2.645s] [ 74%] Built target teleop_msgs
[2.652s] [35m[1mScanning dependencies of target teleop_msgs__py[0m
[2.658s] [ 76%] [34m[1mGenerating Python code for ROS interfaces[0m
[3.024s] [ 76%] Built target teleop_msgs__py
[3.030s] [35m[1mScanning dependencies of target teleop_msgs__python[0m
[3.044s] [ 79%] [32mBuilding C object CMakeFiles/teleop_msgs__python.dir/rosidl_generator_py/teleop_msgs/srv/_emergency_stop_s.c.o[0m
[3.044s] [ 82%] [32mBuilding C object CMakeFiles/teleop_msgs__python.dir/rosidl_generator_py/teleop_msgs/msg/_vehicle_control_data_s.c.o[0m
[3.104s] [ 84%] [32m[1mLinking C shared library rosidl_generator_py/teleop_msgs/libteleop_msgs__python.so[0m
[3.129s] [ 84%] Built target teleop_msgs__python
[3.136s] [35m[1mScanning dependencies of target teleop_msgs__rosidl_typesupport_introspection_c__pyext[0m
[3.137s] [35m[1mScanning dependencies of target teleop_msgs__rosidl_typesupport_fastrtps_c__pyext[0m
[3.140s] [35m[1mScanning dependencies of target teleop_msgs__rosidl_typesupport_c__pyext[0m
[3.148s] [ 87%] [32mBuilding C object CMakeFiles/teleop_msgs__rosidl_typesupport_fastrtps_c__pyext.dir/rosidl_generator_py/teleop_msgs/_teleop_msgs_s.ep.rosidl_typesupport_fastrtps_c.c.o[0m
[3.156s] [ 89%] [32mBuilding C object CMakeFiles/teleop_msgs__rosidl_typesupport_c__pyext.dir/rosidl_generator_py/teleop_msgs/_teleop_msgs_s.ep.rosidl_typesupport_c.c.o[0m
[3.156s] [ 92%] [32mBuilding C object CMakeFiles/teleop_msgs__rosidl_typesupport_introspection_c__pyext.dir/rosidl_generator_py/teleop_msgs/_teleop_msgs_s.ep.rosidl_typesupport_introspection_c.c.o[0m
[3.206s] [ 94%] [32m[1mLinking CXX shared library rosidl_generator_py/teleop_msgs/teleop_msgs_s__rosidl_typesupport_fastrtps_c.cpython-38-x86_64-linux-gnu.so[0m
[3.217s] [ 97%] [32m[1mLinking C shared library rosidl_generator_py/teleop_msgs/teleop_msgs_s__rosidl_typesupport_c.cpython-38-x86_64-linux-gnu.so[0m
[3.220s] [100%] [32m[1mLinking C shared library rosidl_generator_py/teleop_msgs/teleop_msgs_s__rosidl_typesupport_introspection_c.cpython-38-x86_64-linux-gnu.so[0m
[3.240s] [100%] Built target teleop_msgs__rosidl_typesupport_c__pyext
[3.243s] [100%] Built target teleop_msgs__rosidl_typesupport_introspection_c__pyext
[3.250s] [100%] Built target teleop_msgs__rosidl_typesupport_fastrtps_c__pyext
[3.257s] Invoked command in '/home/chengjing/Desktop/software_intro_task/build/teleop_msgs' returned '0': CMAKE_PREFIX_PATH=/opt/ros/galactic /usr/bin/cmake --build /home/chengjing/Desktop/software_intro_task/build/teleop_msgs -- -j8 -l8
[3.299s] Invoking command in '/home/chengjing/Desktop/software_intro_task/build/teleop_msgs': CMAKE_PREFIX_PATH=/opt/ros/galactic /usr/bin/cmake --install /home/chengjing/Desktop/software_intro_task/build/teleop_msgs
[3.305s] -- Install configuration: ""
[3.305s] -- Installing: /home/chengjing/Desktop/software_intro_task/install/teleop_msgs/share/ament_index/resource_index/rosidl_interfaces/teleop_msgs
[3.305s] -- Installing: /home/chengjing/Desktop/software_intro_task/install/teleop_msgs/include/teleop_msgs
[3.305s] -- Installing: /home/chengjing/Desktop/software_intro_task/install/teleop_msgs/include/teleop_msgs/msg
[3.305s] -- Installing: /home/chengjing/Desktop/software_intro_task/install/teleop_msgs/include/teleop_msgs/msg/rosidl_generator_c__visibility_control.h
[3.305s] -- Installing: /home/chengjing/Desktop/software_intro_task/install/teleop_msgs/include/teleop_msgs/msg/detail
[3.306s] -- Installing: /home/chengjing/Desktop/software_intro_task/install/teleop_msgs/include/teleop_msgs/msg/detail/vehicle_control_data__functions.h
[3.306s] -- Installing: /home/chengjing/Desktop/software_intro_task/install/teleop_msgs/include/teleop_msgs/msg/detail/vehicle_control_data__type_support.h
[3.306s] -- Installing: /home/chengjing/Desktop/software_intro_task/install/teleop_msgs/include/teleop_msgs/msg/detail/vehicle_control_data__functions.c
[3.306s] -- Installing: /home/chengjing/Desktop/software_intro_task/install/teleop_msgs/include/teleop_msgs/msg/detail/vehicle_control_data__struct.h
[3.306s] -- Installing: /home/chengjing/Desktop/software_intro_task/install/teleop_msgs/include/teleop_msgs/msg/vehicle_control_data.h
[3.306s] -- Installing: /home/chengjing/Desktop/software_intro_task/install/teleop_msgs/include/teleop_msgs/srv
[3.306s] -- Installing: /home/chengjing/Desktop/software_intro_task/install/teleop_msgs/include/teleop_msgs/srv/detail
[3.306s] -- Installing: /home/chengjing/Desktop/software_intro_task/install/teleop_msgs/include/teleop_msgs/srv/detail/emergency_stop__type_support.h
[3.306s] -- Installing: /home/chengjing/Desktop/software_intro_task/install/teleop_msgs/include/teleop_msgs/srv/detail/emergency_stop__struct.h
[3.306s] -- Installing: /home/chengjing/Desktop/software_intro_task/install/teleop_msgs/include/teleop_msgs/srv/detail/emergency_stop__functions.h
[3.306s] -- Installing: /home/chengjing/Desktop/software_intro_task/install/teleop_msgs/include/teleop_msgs/srv/detail/emergency_stop__functions.c
[3.306s] -- Installing: /home/chengjing/Desktop/software_intro_task/install/teleop_msgs/include/teleop_msgs/srv/emergency_stop.h
[3.306s] -- Installing: /home/chengjing/Desktop/software_intro_task/install/teleop_msgs/share/teleop_msgs/environment/library_path.sh
[3.307s] -- Installing: /home/chengjing/Desktop/software_intro_task/install/teleop_msgs/share/teleop_msgs/environment/library_path.dsv
[3.307s] -- Installing: /home/chengjing/Desktop/software_intro_task/install/teleop_msgs/lib/libteleop_msgs__rosidl_generator_c.so
[3.307s] -- Set runtime path of "/home/chengjing/Desktop/software_intro_task/install/teleop_msgs/lib/libteleop_msgs__rosidl_generator_c.so" to ""
[3.307s] -- Up-to-date: /home/chengjing/Desktop/software_intro_task/install/teleop_msgs/include/teleop_msgs
[3.307s] -- Up-to-date: /home/chengjing/Desktop/software_intro_task/install/teleop_msgs/include/teleop_msgs/msg
[3.307s] -- Installing: /home/chengjing/Desktop/software_intro_task/install/teleop_msgs/include/teleop_msgs/msg/rosidl_typesupport_fastrtps_c__visibility_control.h
[3.307s] -- Up-to-date: /home/chengjing/Desktop/software_intro_task/install/teleop_msgs/include/teleop_msgs/msg/detail
[3.307s] -- Installing: /home/chengjing/Desktop/software_intro_task/install/teleop_msgs/include/teleop_msgs/msg/detail/vehicle_control_data__rosidl_typesupport_fastrtps_c.h
[3.307s] -- Up-to-date: /home/chengjing/Desktop/software_intro_task/install/teleop_msgs/include/teleop_msgs/srv
[3.307s] -- Up-to-date: /home/chengjing/Desktop/software_intro_task/install/teleop_msgs/include/teleop_msgs/srv/detail
[3.307s] -- Installing: /home/chengjing/Desktop/software_intro_task/install/teleop_msgs/include/teleop_msgs/srv/detail/emergency_stop__rosidl_typesupport_fastrtps_c.h
[3.307s] -- Installing: /home/chengjing/Desktop/software_intro_task/install/teleop_msgs/lib/libteleop_msgs__rosidl_typesupport_fastrtps_c.so
[3.307s] -- Set runtime path of "/home/chengjing/Desktop/software_intro_task/install/teleop_msgs/lib/libteleop_msgs__rosidl_typesupport_fastrtps_c.so" to ""
[3.308s] -- Up-to-date: /home/chengjing/Desktop/software_intro_task/install/teleop_msgs/include/teleop_msgs
[3.308s] -- Up-to-date: /home/chengjing/Desktop/software_intro_task/install/teleop_msgs/include/teleop_msgs/msg
[3.308s] -- Up-to-date: /home/chengjing/Desktop/software_intro_task/install/teleop_msgs/include/teleop_msgs/msg/detail
[3.308s] -- Installing: /home/chengjing/Desktop/software_intro_task/install/teleop_msgs/include/teleop_msgs/msg/detail/vehicle_control_data__rosidl_typesupport_fastrtps_cpp.hpp
[3.308s] -- Installing: /home/chengjing/Desktop/software_intro_task/install/teleop_msgs/include/teleop_msgs/msg/detail/dds_fastrtps
[3.308s] -- Installing: /home/chengjing/Desktop/software_intro_task/install/teleop_msgs/include/teleop_msgs/msg/rosidl_typesupport_fastrtps_cpp__visibility_control.h
[3.308s] -- Up-to-date: /home/chengjing/Desktop/software_intro_task/install/teleop_msgs/include/teleop_msgs/srv
[3.308s] -- Up-to-date: /home/chengjing/Desktop/software_intro_task/install/teleop_msgs/include/teleop_msgs/srv/detail
[3.308s] -- Installing: /home/chengjing/Desktop/software_intro_task/install/teleop_msgs/include/teleop_msgs/srv/detail/emergency_stop__rosidl_typesupport_fastrtps_cpp.hpp
[3.308s] -- Installing: /home/chengjing/Desktop/software_intro_task/install/teleop_msgs/include/teleop_msgs/srv/detail/dds_fastrtps
[3.308s] -- Installing: /home/chengjing/Desktop/software_intro_task/install/teleop_msgs/lib/libteleop_msgs__rosidl_typesupport_fastrtps_cpp.so
[3.308s] -- Set runtime path of "/home/chengjing/Desktop/software_intro_task/install/teleop_msgs/lib/libteleop_msgs__rosidl_typesupport_fastrtps_cpp.so" to ""
[3.309s] -- Up-to-date: /home/chengjing/Desktop/software_intro_task/install/teleop_msgs/include/teleop_msgs
[3.309s] -- Up-to-date: /home/chengjing/Desktop/software_intro_task/install/teleop_msgs/include/teleop_msgs/msg
[3.309s] -- Installing: /home/chengjing/Desktop/software_intro_task/install/teleop_msgs/include/teleop_msgs/msg/rosidl_typesupport_introspection_c__visibility_control.h
[3.309s] -- Up-to-date: /home/chengjing/Desktop/software_intro_task/install/teleop_msgs/include/teleop_msgs/msg/detail
[3.309s] -- Installing: /home/chengjing/Desktop/software_intro_task/install/teleop_msgs/include/teleop_msgs/msg/detail/vehicle_control_data__type_support.c
[3.309s] -- Installing: /home/chengjing/Desktop/software_intro_task/install/teleop_msgs/include/teleop_msgs/msg/detail/vehicle_control_data__rosidl_typesupport_introspection_c.h
[3.309s] -- Up-to-date: /home/chengjing/Desktop/software_intro_task/install/teleop_msgs/include/teleop_msgs/srv
[3.309s] -- Up-to-date: /home/chengjing/Desktop/software_intro_task/install/teleop_msgs/include/teleop_msgs/srv/detail
[3.309s] -- Installing: /home/chengjing/Desktop/software_intro_task/install/teleop_msgs/include/teleop_msgs/srv/detail/emergency_stop__type_support.c
[3.309s] -- Installing: /home/chengjing/Desktop/software_intro_task/install/teleop_msgs/include/teleop_msgs/srv/detail/emergency_stop__rosidl_typesupport_introspection_c.h
[3.309s] -- Installing: /home/chengjing/Desktop/software_intro_task/install/teleop_msgs/lib/libteleop_msgs__rosidl_typesupport_introspection_c.so
[3.309s] -- Set runtime path of "/home/chengjing/Desktop/software_intro_task/install/teleop_msgs/lib/libteleop_msgs__rosidl_typesupport_introspection_c.so" to ""
[3.309s] -- Installing: /home/chengjing/Desktop/software_intro_task/install/teleop_msgs/lib/libteleop_msgs__rosidl_typesupport_c.so
[3.310s] -- Set runtime path of "/home/chengjing/Desktop/software_intro_task/install/teleop_msgs/lib/libteleop_msgs__rosidl_typesupport_c.so" to ""
[3.310s] -- Up-to-date: /home/chengjing/Desktop/software_intro_task/install/teleop_msgs/include/teleop_msgs
[3.310s] -- Up-to-date: /home/chengjing/Desktop/software_intro_task/install/teleop_msgs/include/teleop_msgs/msg
[3.310s] -- Up-to-date: /home/chengjing/Desktop/software_intro_task/install/teleop_msgs/include/teleop_msgs/msg/detail
[3.310s] -- Installing: /home/chengjing/Desktop/software_intro_task/install/teleop_msgs/include/teleop_msgs/msg/detail/vehicle_control_data__builder.hpp
[3.310s] -- Installing: /home/chengjing/Desktop/software_intro_task/install/teleop_msgs/include/teleop_msgs/msg/detail/vehicle_control_data__traits.hpp
[3.310s] -- Installing: /home/chengjing/Desktop/software_intro_task/install/teleop_msgs/include/teleop_msgs/msg/detail/vehicle_control_data__struct.hpp
[3.310s] -- Installing: /home/chengjing/Desktop/software_intro_task/install/teleop_msgs/include/teleop_msgs/msg/vehicle_control_data.hpp
[3.310s] -- Up-to-date: /home/chengjing/Desktop/software_intro_task/install/teleop_msgs/include/teleop_msgs/srv
[3.310s] -- Installing: /home/chengjing/Desktop/software_intro_task/install/teleop_msgs/include/teleop_msgs/srv/emergency_stop.hpp
[3.310s] -- Up-to-date: /home/chengjing/Desktop/software_intro_task/install/teleop_msgs/include/teleop_msgs/srv/detail
[3.310s] -- Installing: /home/chengjing/Desktop/software_intro_task/install/teleop_msgs/include/teleop_msgs/srv/detail/emergency_stop__struct.hpp
[3.310s] -- Installing: /home/chengjing/Desktop/software_intro_task/install/teleop_msgs/include/teleop_msgs/srv/detail/emergency_stop__builder.hpp
[3.310s] -- Installing: /home/chengjing/Desktop/software_intro_task/install/teleop_msgs/include/teleop_msgs/srv/detail/emergency_stop__traits.hpp
[3.310s] -- Up-to-date: /home/chengjing/Desktop/software_intro_task/install/teleop_msgs/include/teleop_msgs
[3.311s] -- Up-to-date: /home/chengjing/Desktop/software_intro_task/install/teleop_msgs/include/teleop_msgs/msg
[3.311s] -- Up-to-date: /home/chengjing/Desktop/software_intro_task/install/teleop_msgs/include/teleop_msgs/msg/detail
[3.311s] -- Installing: /home/chengjing/Desktop/software_intro_task/install/teleop_msgs/include/teleop_msgs/msg/detail/vehicle_control_data__type_support.cpp
[3.311s] -- Installing: /home/chengjing/Desktop/software_intro_task/install/teleop_msgs/include/teleop_msgs/msg/detail/vehicle_control_data__rosidl_typesupport_introspection_cpp.hpp
[3.311s] -- Up-to-date: /home/chengjing/Desktop/software_intro_task/install/teleop_msgs/include/teleop_msgs/srv
[3.311s] -- Up-to-date: /home/chengjing/Desktop/software_intro_task/install/teleop_msgs/include/teleop_msgs/srv/detail
[3.311s] -- Installing: /home/chengjing/Desktop/software_intro_task/install/teleop_msgs/include/teleop_msgs/srv/detail/emergency_stop__rosidl_typesupport_introspection_cpp.hpp
[3.311s] -- Installing: /home/chengjing/Desktop/software_intro_task/install/teleop_msgs/include/teleop_msgs/srv/detail/emergency_stop__type_support.cpp
[3.311s] -- Installing: /home/chengjing/Desktop/software_intro_task/install/teleop_msgs/lib/libteleop_msgs__rosidl_typesupport_introspection_cpp.so
[3.311s] -- Set runtime path of "/home/chengjing/Desktop/software_intro_task/install/teleop_msgs/lib/libteleop_msgs__rosidl_typesupport_introspection_cpp.so" to ""
[3.311s] -- Installing: /home/chengjing/Desktop/software_intro_task/install/teleop_msgs/lib/libteleop_msgs__rosidl_typesupport_cpp.so
[3.311s] -- Set runtime path of "/home/chengjing/Desktop/software_intro_task/install/teleop_msgs/lib/libteleop_msgs__rosidl_typesupport_cpp.so" to ""
[3.311s] -- Installing: /home/chengjing/Desktop/software_intro_task/install/teleop_msgs/share/teleop_msgs/environment/pythonpath.sh
[3.311s] -- Installing: /home/chengjing/Desktop/software_intro_task/install/teleop_msgs/share/teleop_msgs/environment/pythonpath.dsv
[3.311s] -- Installing: /home/chengjing/Desktop/software_intro_task/install/teleop_msgs/lib/python3.8/site-packages/teleop_msgs/__init__.py
[3.331s] Compiling '/home/chengjing/Desktop/software_intro_task/install/teleop_msgs/lib/python3.8/site-packages/teleop_msgs/__init__.py'...
[3.334s] -- Installing: /home/chengjing/Desktop/software_intro_task/install/teleop_msgs/lib/python3.8/site-packages/teleop_msgs/msg
[3.334s] -- Installing: /home/chengjing/Desktop/software_intro_task/install/teleop_msgs/lib/python3.8/site-packages/teleop_msgs/msg/__init__.py
[3.334s] -- Installing: /home/chengjing/Desktop/software_intro_task/install/teleop_msgs/lib/python3.8/site-packages/teleop_msgs/msg/_vehicle_control_data_s.c
[3.334s] -- Installing: /home/chengjing/Desktop/software_intro_task/install/teleop_msgs/lib/python3.8/site-packages/teleop_msgs/msg/_vehicle_control_data.py
[3.335s] -- Installing: /home/chengjing/Desktop/software_intro_task/install/teleop_msgs/lib/python3.8/site-packages/teleop_msgs/srv
[3.335s] -- Installing: /home/chengjing/Desktop/software_intro_task/install/teleop_msgs/lib/python3.8/site-packages/teleop_msgs/srv/__init__.py
[3.335s] -- Installing: /home/chengjing/Desktop/software_intro_task/install/teleop_msgs/lib/python3.8/site-packages/teleop_msgs/srv/_emergency_stop_s.c
[3.335s] -- Installing: /home/chengjing/Desktop/software_intro_task/install/teleop_msgs/lib/python3.8/site-packages/teleop_msgs/srv/_emergency_stop.py
[3.335s] -- Installing: /home/chengjing/Desktop/software_intro_task/install/teleop_msgs/lib/python3.8/site-packages/teleop_msgs/teleop_msgs_s__rosidl_typesupport_fastrtps_c.cpython-38-x86_64-linux-gnu.so
[3.335s] -- Set runtime path of "/home/chengjing/Desktop/software_intro_task/install/teleop_msgs/lib/python3.8/site-packages/teleop_msgs/teleop_msgs_s__rosidl_typesupport_fastrtps_c.cpython-38-x86_64-linux-gnu.so" to ""
[3.335s] -- Installing: /home/chengjing/Desktop/software_intro_task/install/teleop_msgs/lib/python3.8/site-packages/teleop_msgs/teleop_msgs_s__rosidl_typesupport_introspection_c.cpython-38-x86_64-linux-gnu.so
[3.336s] -- Set runtime path of "/home/chengjing/Desktop/software_intro_task/install/teleop_msgs/lib/python3.8/site-packages/teleop_msgs/teleop_msgs_s__rosidl_typesupport_introspection_c.cpython-38-x86_64-linux-gnu.so" to ""
[3.336s] -- Installing: /home/chengjing/Desktop/software_intro_task/install/teleop_msgs/lib/python3.8/site-packages/teleop_msgs/teleop_msgs_s__rosidl_typesupport_c.cpython-38-x86_64-linux-gnu.so
[3.336s] -- Set runtime path of "/home/chengjing/Desktop/software_intro_task/install/teleop_msgs/lib/python3.8/site-packages/teleop_msgs/teleop_msgs_s__rosidl_typesupport_c.cpython-38-x86_64-linux-gnu.so" to ""
[3.336s] -- Installing: /home/chengjing/Desktop/software_intro_task/install/teleop_msgs/lib/libteleop_msgs__python.so
[3.336s] -- Set runtime path of "/home/chengjing/Desktop/software_intro_task/install/teleop_msgs/lib/libteleop_msgs__python.so" to ""
[3.336s] -- Installing: /home/chengjing/Desktop/software_intro_task/install/teleop_msgs/share/teleop_msgs/msg/VehicleControlData.idl
[3.336s] -- Installing: /home/chengjing/Desktop/software_intro_task/install/teleop_msgs/share/teleop_msgs/srv/EmergencyStop.idl
[3.337s] -- Installing: /home/chengjing/Desktop/software_intro_task/install/teleop_msgs/share/teleop_msgs/msg/VehicleControlData.msg
[3.337s] -- Installing: /home/chengjing/Desktop/software_intro_task/install/teleop_msgs/share/teleop_msgs/srv/EmergencyStop.srv
[3.337s] -- Installing: /home/chengjing/Desktop/software_intro_task/install/teleop_msgs/share/teleop_msgs/srv/EmergencyStop_Request.msg
[3.337s] -- Installing: /home/chengjing/Desktop/software_intro_task/install/teleop_msgs/share/teleop_msgs/srv/EmergencyStop_Response.msg
[3.337s] -- Installing: /home/chengjing/Desktop/software_intro_task/install/teleop_msgs/share/ament_index/resource_index/package_run_dependencies/teleop_msgs
[3.337s] -- Installing: /home/chengjing/Desktop/software_intro_task/install/teleop_msgs/share/ament_index/resource_index/parent_prefix_path/teleop_msgs
[3.337s] -- Installing: /home/chengjing/Desktop/software_intro_task/install/teleop_msgs/share/teleop_msgs/environment/ament_prefix_path.sh
[3.337s] -- Installing: /home/chengjing/Desktop/software_intro_task/install/teleop_msgs/share/teleop_msgs/environment/ament_prefix_path.dsv
[3.337s] -- Installing: /home/chengjing/Desktop/software_intro_task/install/teleop_msgs/share/teleop_msgs/environment/path.sh
[3.337s] -- Installing: /home/chengjing/Desktop/software_intro_task/install/teleop_msgs/share/teleop_msgs/environment/path.dsv
[3.338s] -- Installing: /home/chengjing/Desktop/software_intro_task/install/teleop_msgs/share/teleop_msgs/local_setup.bash
[3.338s] -- Installing: /home/chengjing/Desktop/software_intro_task/install/teleop_msgs/share/teleop_msgs/local_setup.sh
[3.338s] -- Installing: /home/chengjing/Desktop/software_intro_task/install/teleop_msgs/share/teleop_msgs/local_setup.zsh
[3.338s] -- Installing: /home/chengjing/Desktop/software_intro_task/install/teleop_msgs/share/teleop_msgs/local_setup.dsv
[3.338s] -- Installing: /home/chengjing/Desktop/software_intro_task/install/teleop_msgs/share/teleop_msgs/package.dsv
[3.338s] -- Installing: /home/chengjing/Desktop/software_intro_task/install/teleop_msgs/share/ament_index/resource_index/packages/teleop_msgs
[3.338s] -- Installing: /home/chengjing/Desktop/software_intro_task/install/teleop_msgs/share/teleop_msgs/cmake/teleop_msgs__rosidl_generator_cExport.cmake
[3.338s] -- Installing: /home/chengjing/Desktop/software_intro_task/install/teleop_msgs/share/teleop_msgs/cmake/teleop_msgs__rosidl_generator_cExport-noconfig.cmake
[3.338s] -- Installing: /home/chengjing/Desktop/software_intro_task/install/teleop_msgs/share/teleop_msgs/cmake/teleop_msgs__rosidl_typesupport_introspection_cExport.cmake
[3.338s] -- Installing: /home/chengjing/Desktop/software_intro_task/install/teleop_msgs/share/teleop_msgs/cmake/teleop_msgs__rosidl_typesupport_introspection_cExport-noconfig.cmake
[3.339s] -- Installing: /home/chengjing/Desktop/software_intro_task/install/teleop_msgs/share/teleop_msgs/cmake/teleop_msgs__rosidl_typesupport_cExport.cmake
[3.339s] -- Installing: /home/chengjing/Desktop/software_intro_task/install/teleop_msgs/share/teleop_msgs/cmake/teleop_msgs__rosidl_typesupport_cExport-noconfig.cmake
[3.339s] -- Installing: /home/chengjing/Desktop/software_intro_task/install/teleop_msgs/share/teleop_msgs/cmake/teleop_msgs__rosidl_generator_cppExport.cmake
[3.339s] -- Installing: /home/chengjing/Desktop/software_intro_task/install/teleop_msgs/share/teleop_msgs/cmake/teleop_msgs__rosidl_typesupport_introspection_cppExport.cmake
[3.339s] -- Installing: /home/chengjing/Desktop/software_intro_task/install/teleop_msgs/share/teleop_msgs/cmake/teleop_msgs__rosidl_typesupport_introspection_cppExport-noconfig.cmake
[3.339s] -- Installing: /home/chengjing/Desktop/software_intro_task/install/teleop_msgs/share/teleop_msgs/cmake/teleop_msgs__rosidl_typesupport_cppExport.cmake
[3.339s] -- Installing: /home/chengjing/Desktop/software_intro_task/install/teleop_msgs/share/teleop_msgs/cmake/teleop_msgs__rosidl_typesupport_cppExport-noconfig.cmake
[3.339s] -- Installing: /home/chengjing/Desktop/software_intro_task/install/teleop_msgs/share/teleop_msgs/cmake/rosidl_cmake-extras.cmake
[3.339s] -- Installing: /home/chengjing/Desktop/software_intro_task/install/teleop_msgs/share/teleop_msgs/cmake/ament_cmake_export_dependencies-extras.cmake
[3.339s] -- Installing: /home/chengjing/Desktop/software_intro_task/install/teleop_msgs/share/teleop_msgs/cmake/ament_cmake_export_libraries-extras.cmake
[3.340s] -- Installing: /home/chengjing/Desktop/software_intro_task/install/teleop_msgs/share/teleop_msgs/cmake/ament_cmake_export_targets-extras.cmake
[3.340s] -- Installing: /home/chengjing/Desktop/software_intro_task/install/teleop_msgs/share/teleop_msgs/cmake/ament_cmake_export_include_directories-extras.cmake
[3.340s] -- Installing: /home/chengjing/Desktop/software_intro_task/install/teleop_msgs/share/teleop_msgs/cmake/rosidl_cmake_export_typesupport_libraries-extras.cmake
[3.340s] -- Installing: /home/chengjing/Desktop/software_intro_task/install/teleop_msgs/share/teleop_msgs/cmake/rosidl_cmake_export_typesupport_targets-extras.cmake
[3.340s] -- Installing: /home/chengjing/Desktop/software_intro_task/install/teleop_msgs/share/teleop_msgs/cmake/teleop_msgsConfig.cmake
[3.340s] -- Installing: /home/chengjing/Desktop/software_intro_task/install/teleop_msgs/share/teleop_msgs/cmake/teleop_msgsConfig-version.cmake
[3.340s] -- Installing: /home/chengjing/Desktop/software_intro_task/install/teleop_msgs/share/teleop_msgs/package.xml
[3.342s] Invoked command in '/home/chengjing/Desktop/software_intro_task/build/teleop_msgs' returned '0': CMAKE_PREFIX_PATH=/opt/ros/galactic /usr/bin/cmake --install /home/chengjing/Desktop/software_intro_task/build/teleop_msgs
