-- Found ament_cmake_auto: 1.1.5 (/opt/ros/galactic/share/ament_cmake_auto/cmake)
-- Found PythonInterp: /usr/bin/python3 (found suitable version "3.8.10", minimum required is "3") 
-- Using PYTHON_EXECUTABLE: /usr/bin/python3
-- Found rosidl_default_generators: 1.1.1 (/opt/ros/galactic/share/rosidl_default_generators/cmake)
-- Using all available rosidl_typesupport_c: rosidl_typesupport_fastrtps_c;rosidl_typesupport_introspection_c
-- Found rosidl_adapter: 2.2.2 (/opt/ros/galactic/share/rosidl_adapter/cmake)
-- Using all available rosidl_typesupport_cpp: rosidl_typesupport_fastrtps_cpp;rosidl_typesupport_introspection_cpp
-- Found rmw_implementation_cmake: 3.3.1 (/opt/ros/galactic/share/rmw_implementation_cmake/cmake)
-- Found rmw_cyclonedds_cpp: 0.22.5 (/opt/ros/galactic/share/rmw_cyclonedds_cpp/cmake)
-- Using RMW implementation 'rmw_cyclonedds_cpp' as default
-- Found PythonInterp: /usr/bin/python3 (found version "3.8.10") 
-- Found ament_cmake_ros: 0.9.2 (/opt/ros/galactic/share/ament_cmake_ros/cmake)
-- Using all available rosidl_typesupport_c: rosidl_typesupport_fastrtps_c;rosidl_typesupport_introspection_c
-- Using all available rosidl_typesupport_cpp: rosidl_typesupport_fastrtps_cpp;rosidl_typesupport_introspection_cpp
-- Found PythonInterp: /usr/bin/python3 (found suitable version "3.8.10", minimum required is "3.5") 
-- Found python_cmake_module: 0.8.1 (/opt/ros/galactic/share/python_cmake_module/cmake)
-- Using PYTHON_EXECUTABLE: /usr/bin/python3
-- Using PYTHON_INCLUDE_DIRS: /usr/include/python3.8
-- Using PYTHON_LIBRARIES: /usr/lib/x86_64-linux-gnu/libpython3.8.so
-- Found ament_lint_auto: 0.10.7 (/opt/ros/galactic/share/ament_lint_auto/cmake)
-- Added test 'copyright' to check source files copyright and LICENSE
-- Added test 'lint_cmake' to check CMake code style
-- Added test 'xmllint' to check XML markup files
-- Configuring done
-- Generating done
-- Build files have been written to: /home/chengjing/Desktop/software_intro_task/build/teleop_msgs
[  7%] Built target teleop_msgs__cpp
[ 12%] Built target teleop_msgs__rosidl_generator_c
[ 23%] Built target teleop_msgs__rosidl_typesupport_fastrtps_cpp
[ 38%] Built target teleop_msgs__rosidl_typesupport_introspection_c
[ 48%] Built target teleop_msgs__rosidl_typesupport_cpp
[ 53%] Built target teleop_msgs__rosidl_typesupport_introspection_cpp
[ 64%] Built target teleop_msgs__rosidl_typesupport_c
[ 74%] Built target teleop_msgs__rosidl_typesupport_fastrtps_c
[ 74%] Built target teleop_msgs
[ 76%] Built target teleop_msgs__py
[ 84%] Built target teleop_msgs__python
[100%] Built target teleop_msgs__rosidl_typesupport_introspection_c__pyext
[100%] Built target teleop_msgs__rosidl_typesupport_fastrtps_c__pyext
[100%] Built target teleop_msgs__rosidl_typesupport_c__pyext
-- Install configuration: ""
-- Up-to-date: /home/chengjing/Desktop/software_intro_task/install/teleop_msgs/share/ament_index/resource_index/rosidl_interfaces/teleop_msgs
-- Up-to-date: /home/chengjing/Desktop/software_intro_task/install/teleop_msgs/include/teleop_msgs
-- Up-to-date: /home/chengjing/Desktop/software_intro_task/install/teleop_msgs/include/teleop_msgs/msg
-- Up-to-date: /home/chengjing/Desktop/software_intro_task/install/teleop_msgs/include/teleop_msgs/msg/rosidl_generator_c__visibility_control.h
-- Up-to-date: /home/chengjing/Desktop/software_intro_task/install/teleop_msgs/include/teleop_msgs/msg/detail
-- Up-to-date: /home/chengjing/Desktop/software_intro_task/install/teleop_msgs/include/teleop_msgs/msg/detail/vehicle_control_data__functions.h
-- Up-to-date: /home/chengjing/Desktop/software_intro_task/install/teleop_msgs/include/teleop_msgs/msg/detail/vehicle_control_data__type_support.h
-- Up-to-date: /home/chengjing/Desktop/software_intro_task/install/teleop_msgs/include/teleop_msgs/msg/detail/vehicle_control_data__functions.c
-- Up-to-date: /home/chengjing/Desktop/software_intro_task/install/teleop_msgs/include/teleop_msgs/msg/detail/vehicle_control_data__struct.h
-- Up-to-date: /home/chengjing/Desktop/software_intro_task/install/teleop_msgs/include/teleop_msgs/msg/vehicle_control_data.h
-- Up-to-date: /home/chengjing/Desktop/software_intro_task/install/teleop_msgs/include/teleop_msgs/srv
-- Up-to-date: /home/chengjing/Desktop/software_intro_task/install/teleop_msgs/include/teleop_msgs/srv/detail
-- Up-to-date: /home/chengjing/Desktop/software_intro_task/install/teleop_msgs/include/teleop_msgs/srv/detail/emergency_stop__type_support.h
-- Up-to-date: /home/chengjing/Desktop/software_intro_task/install/teleop_msgs/include/teleop_msgs/srv/detail/emergency_stop__struct.h
-- Up-to-date: /home/chengjing/Desktop/software_intro_task/install/teleop_msgs/include/teleop_msgs/srv/detail/emergency_stop__functions.h
-- Up-to-date: /home/chengjing/Desktop/software_intro_task/install/teleop_msgs/include/teleop_msgs/srv/detail/emergency_stop__functions.c
-- Up-to-date: /home/chengjing/Desktop/software_intro_task/install/teleop_msgs/include/teleop_msgs/srv/emergency_stop.h
-- Up-to-date: /home/chengjing/Desktop/software_intro_task/install/teleop_msgs/share/teleop_msgs/environment/library_path.sh
-- Installing: /home/chengjing/Desktop/software_intro_task/install/teleop_msgs/share/teleop_msgs/environment/library_path.dsv
-- Up-to-date: /home/chengjing/Desktop/software_intro_task/install/teleop_msgs/lib/libteleop_msgs__rosidl_generator_c.so
-- Up-to-date: /home/chengjing/Desktop/software_intro_task/install/teleop_msgs/include/teleop_msgs
-- Up-to-date: /home/chengjing/Desktop/software_intro_task/install/teleop_msgs/include/teleop_msgs/msg
-- Up-to-date: /home/chengjing/Desktop/software_intro_task/install/teleop_msgs/include/teleop_msgs/msg/rosidl_typesupport_fastrtps_c__visibility_control.h
-- Up-to-date: /home/chengjing/Desktop/software_intro_task/install/teleop_msgs/include/teleop_msgs/msg/detail
-- Up-to-date: /home/chengjing/Desktop/software_intro_task/install/teleop_msgs/include/teleop_msgs/msg/detail/vehicle_control_data__rosidl_typesupport_fastrtps_c.h
-- Up-to-date: /home/chengjing/Desktop/software_intro_task/install/teleop_msgs/include/teleop_msgs/srv
-- Up-to-date: /home/chengjing/Desktop/software_intro_task/install/teleop_msgs/include/teleop_msgs/srv/detail
-- Up-to-date: /home/chengjing/Desktop/software_intro_task/install/teleop_msgs/include/teleop_msgs/srv/detail/emergency_stop__rosidl_typesupport_fastrtps_c.h
-- Up-to-date: /home/chengjing/Desktop/software_intro_task/install/teleop_msgs/lib/libteleop_msgs__rosidl_typesupport_fastrtps_c.so
-- Up-to-date: /home/chengjing/Desktop/software_intro_task/install/teleop_msgs/include/teleop_msgs
-- Up-to-date: /home/chengjing/Desktop/software_intro_task/install/teleop_msgs/include/teleop_msgs/msg
-- Up-to-date: /home/chengjing/Desktop/software_intro_task/install/teleop_msgs/include/teleop_msgs/msg/detail
-- Up-to-date: /home/chengjing/Desktop/software_intro_task/install/teleop_msgs/include/teleop_msgs/msg/detail/vehicle_control_data__rosidl_typesupport_fastrtps_cpp.hpp
-- Up-to-date: /home/chengjing/Desktop/software_intro_task/install/teleop_msgs/include/teleop_msgs/msg/detail/dds_fastrtps
-- Up-to-date: /home/chengjing/Desktop/software_intro_task/install/teleop_msgs/include/teleop_msgs/msg/rosidl_typesupport_fastrtps_cpp__visibility_control.h
-- Up-to-date: /home/chengjing/Desktop/software_intro_task/install/teleop_msgs/include/teleop_msgs/srv
-- Up-to-date: /home/chengjing/Desktop/software_intro_task/install/teleop_msgs/include/teleop_msgs/srv/detail
-- Up-to-date: /home/chengjing/Desktop/software_intro_task/install/teleop_msgs/include/teleop_msgs/srv/detail/emergency_stop__rosidl_typesupport_fastrtps_cpp.hpp
-- Up-to-date: /home/chengjing/Desktop/software_intro_task/install/teleop_msgs/include/teleop_msgs/srv/detail/dds_fastrtps
-- Up-to-date: /home/chengjing/Desktop/software_intro_task/install/teleop_msgs/lib/libteleop_msgs__rosidl_typesupport_fastrtps_cpp.so
-- Up-to-date: /home/chengjing/Desktop/software_intro_task/install/teleop_msgs/include/teleop_msgs
-- Up-to-date: /home/chengjing/Desktop/software_intro_task/install/teleop_msgs/include/teleop_msgs/msg
-- Up-to-date: /home/chengjing/Desktop/software_intro_task/install/teleop_msgs/include/teleop_msgs/msg/rosidl_typesupport_introspection_c__visibility_control.h
-- Up-to-date: /home/chengjing/Desktop/software_intro_task/install/teleop_msgs/include/teleop_msgs/msg/detail
-- Up-to-date: /home/chengjing/Desktop/software_intro_task/install/teleop_msgs/include/teleop_msgs/msg/detail/vehicle_control_data__type_support.c
-- Up-to-date: /home/chengjing/Desktop/software_intro_task/install/teleop_msgs/include/teleop_msgs/msg/detail/vehicle_control_data__rosidl_typesupport_introspection_c.h
-- Up-to-date: /home/chengjing/Desktop/software_intro_task/install/teleop_msgs/include/teleop_msgs/srv
-- Up-to-date: /home/chengjing/Desktop/software_intro_task/install/teleop_msgs/include/teleop_msgs/srv/detail
-- Up-to-date: /home/chengjing/Desktop/software_intro_task/install/teleop_msgs/include/teleop_msgs/srv/detail/emergency_stop__type_support.c
-- Up-to-date: /home/chengjing/Desktop/software_intro_task/install/teleop_msgs/include/teleop_msgs/srv/detail/emergency_stop__rosidl_typesupport_introspection_c.h
-- Up-to-date: /home/chengjing/Desktop/software_intro_task/install/teleop_msgs/lib/libteleop_msgs__rosidl_typesupport_introspection_c.so
-- Up-to-date: /home/chengjing/Desktop/software_intro_task/install/teleop_msgs/lib/libteleop_msgs__rosidl_typesupport_c.so
-- Up-to-date: /home/chengjing/Desktop/software_intro_task/install/teleop_msgs/include/teleop_msgs
-- Up-to-date: /home/chengjing/Desktop/software_intro_task/install/teleop_msgs/include/teleop_msgs/msg
-- Up-to-date: /home/chengjing/Desktop/software_intro_task/install/teleop_msgs/include/teleop_msgs/msg/detail
-- Up-to-date: /home/chengjing/Desktop/software_intro_task/install/teleop_msgs/include/teleop_msgs/msg/detail/vehicle_control_data__builder.hpp
-- Up-to-date: /home/chengjing/Desktop/software_intro_task/install/teleop_msgs/include/teleop_msgs/msg/detail/vehicle_control_data__traits.hpp
-- Up-to-date: /home/chengjing/Desktop/software_intro_task/install/teleop_msgs/include/teleop_msgs/msg/detail/vehicle_control_data__struct.hpp
-- Up-to-date: /home/chengjing/Desktop/software_intro_task/install/teleop_msgs/include/teleop_msgs/msg/vehicle_control_data.hpp
-- Up-to-date: /home/chengjing/Desktop/software_intro_task/install/teleop_msgs/include/teleop_msgs/srv
-- Up-to-date: /home/chengjing/Desktop/software_intro_task/install/teleop_msgs/include/teleop_msgs/srv/emergency_stop.hpp
-- Up-to-date: /home/chengjing/Desktop/software_intro_task/install/teleop_msgs/include/teleop_msgs/srv/detail
-- Up-to-date: /home/chengjing/Desktop/software_intro_task/install/teleop_msgs/include/teleop_msgs/srv/detail/emergency_stop__struct.hpp
-- Up-to-date: /home/chengjing/Desktop/software_intro_task/install/teleop_msgs/include/teleop_msgs/srv/detail/emergency_stop__builder.hpp
-- Up-to-date: /home/chengjing/Desktop/software_intro_task/install/teleop_msgs/include/teleop_msgs/srv/detail/emergency_stop__traits.hpp
-- Up-to-date: /home/chengjing/Desktop/software_intro_task/install/teleop_msgs/include/teleop_msgs
-- Up-to-date: /home/chengjing/Desktop/software_intro_task/install/teleop_msgs/include/teleop_msgs/msg
-- Up-to-date: /home/chengjing/Desktop/software_intro_task/install/teleop_msgs/include/teleop_msgs/msg/detail
-- Up-to-date: /home/chengjing/Desktop/software_intro_task/install/teleop_msgs/include/teleop_msgs/msg/detail/vehicle_control_data__type_support.cpp
-- Up-to-date: /home/chengjing/Desktop/software_intro_task/install/teleop_msgs/include/teleop_msgs/msg/detail/vehicle_control_data__rosidl_typesupport_introspection_cpp.hpp
-- Up-to-date: /home/chengjing/Desktop/software_intro_task/install/teleop_msgs/include/teleop_msgs/srv
-- Up-to-date: /home/chengjing/Desktop/software_intro_task/install/teleop_msgs/include/teleop_msgs/srv/detail
-- Up-to-date: /home/chengjing/Desktop/software_intro_task/install/teleop_msgs/include/teleop_msgs/srv/detail/emergency_stop__rosidl_typesupport_introspection_cpp.hpp
-- Up-to-date: /home/chengjing/Desktop/software_intro_task/install/teleop_msgs/include/teleop_msgs/srv/detail/emergency_stop__type_support.cpp
-- Up-to-date: /home/chengjing/Desktop/software_intro_task/install/teleop_msgs/lib/libteleop_msgs__rosidl_typesupport_introspection_cpp.so
-- Up-to-date: /home/chengjing/Desktop/software_intro_task/install/teleop_msgs/lib/libteleop_msgs__rosidl_typesupport_cpp.so
-- Up-to-date: /home/chengjing/Desktop/software_intro_task/install/teleop_msgs/share/teleop_msgs/environment/pythonpath.sh
-- Installing: /home/chengjing/Desktop/software_intro_task/install/teleop_msgs/share/teleop_msgs/environment/pythonpath.dsv
-- Installing: /home/chengjing/Desktop/software_intro_task/install/teleop_msgs/lib/python3.8/site-packages/teleop_msgs/__init__.py
Compiling '/home/chengjing/Desktop/software_intro_task/install/teleop_msgs/lib/python3.8/site-packages/teleop_msgs/__init__.py'...
-- Up-to-date: /home/chengjing/Desktop/software_intro_task/install/teleop_msgs/lib/python3.8/site-packages/teleop_msgs/msg
-- Up-to-date: /home/chengjing/Desktop/software_intro_task/install/teleop_msgs/lib/python3.8/site-packages/teleop_msgs/msg/__init__.py
-- Up-to-date: /home/chengjing/Desktop/software_intro_task/install/teleop_msgs/lib/python3.8/site-packages/teleop_msgs/msg/_vehicle_control_data_s.c
-- Up-to-date: /home/chengjing/Desktop/software_intro_task/install/teleop_msgs/lib/python3.8/site-packages/teleop_msgs/msg/_vehicle_control_data.py
-- Up-to-date: /home/chengjing/Desktop/software_intro_task/install/teleop_msgs/lib/python3.8/site-packages/teleop_msgs/srv
-- Up-to-date: /home/chengjing/Desktop/software_intro_task/install/teleop_msgs/lib/python3.8/site-packages/teleop_msgs/srv/__init__.py
-- Up-to-date: /home/chengjing/Desktop/software_intro_task/install/teleop_msgs/lib/python3.8/site-packages/teleop_msgs/srv/_emergency_stop_s.c
-- Up-to-date: /home/chengjing/Desktop/software_intro_task/install/teleop_msgs/lib/python3.8/site-packages/teleop_msgs/srv/_emergency_stop.py
-- Up-to-date: /home/chengjing/Desktop/software_intro_task/install/teleop_msgs/lib/python3.8/site-packages/teleop_msgs/teleop_msgs_s__rosidl_typesupport_fastrtps_c.cpython-38-x86_64-linux-gnu.so
-- Up-to-date: /home/chengjing/Desktop/software_intro_task/install/teleop_msgs/lib/python3.8/site-packages/teleop_msgs/teleop_msgs_s__rosidl_typesupport_introspection_c.cpython-38-x86_64-linux-gnu.so
-- Up-to-date: /home/chengjing/Desktop/software_intro_task/install/teleop_msgs/lib/python3.8/site-packages/teleop_msgs/teleop_msgs_s__rosidl_typesupport_c.cpython-38-x86_64-linux-gnu.so
-- Up-to-date: /home/chengjing/Desktop/software_intro_task/install/teleop_msgs/lib/libteleop_msgs__python.so
-- Up-to-date: /home/chengjing/Desktop/software_intro_task/install/teleop_msgs/share/teleop_msgs/msg/VehicleControlData.idl
-- Up-to-date: /home/chengjing/Desktop/software_intro_task/install/teleop_msgs/share/teleop_msgs/srv/EmergencyStop.idl
-- Installing: /home/chengjing/Desktop/software_intro_task/install/teleop_msgs/share/teleop_msgs/msg/VehicleControlData.msg
-- Up-to-date: /home/chengjing/Desktop/software_intro_task/install/teleop_msgs/share/teleop_msgs/srv/EmergencyStop.srv
-- Up-to-date: /home/chengjing/Desktop/software_intro_task/install/teleop_msgs/share/teleop_msgs/srv/EmergencyStop_Request.msg
-- Up-to-date: /home/chengjing/Desktop/software_intro_task/install/teleop_msgs/share/teleop_msgs/srv/EmergencyStop_Response.msg
-- Up-to-date: /home/chengjing/Desktop/software_intro_task/install/teleop_msgs/share/ament_index/resource_index/package_run_dependencies/teleop_msgs
-- Installing: /home/chengjing/Desktop/software_intro_task/install/teleop_msgs/share/ament_index/resource_index/parent_prefix_path/teleop_msgs
-- Up-to-date: /home/chengjing/Desktop/software_intro_task/install/teleop_msgs/share/teleop_msgs/environment/ament_prefix_path.sh
-- Installing: /home/chengjing/Desktop/software_intro_task/install/teleop_msgs/share/teleop_msgs/environment/ament_prefix_path.dsv
-- Up-to-date: /home/chengjing/Desktop/software_intro_task/install/teleop_msgs/share/teleop_msgs/environment/path.sh
-- Installing: /home/chengjing/Desktop/software_intro_task/install/teleop_msgs/share/teleop_msgs/environment/path.dsv
-- Up-to-date: /home/chengjing/Desktop/software_intro_task/install/teleop_msgs/share/teleop_msgs/local_setup.bash
-- Up-to-date: /home/chengjing/Desktop/software_intro_task/install/teleop_msgs/share/teleop_msgs/local_setup.sh
-- Up-to-date: /home/chengjing/Desktop/software_intro_task/install/teleop_msgs/share/teleop_msgs/local_setup.zsh
-- Installing: /home/chengjing/Desktop/software_intro_task/install/teleop_msgs/share/teleop_msgs/local_setup.dsv
-- Installing: /home/chengjing/Desktop/software_intro_task/install/teleop_msgs/share/teleop_msgs/package.dsv
-- Up-to-date: /home/chengjing/Desktop/software_intro_task/install/teleop_msgs/share/ament_index/resource_index/packages/teleop_msgs
-- Up-to-date: /home/chengjing/Desktop/software_intro_task/install/teleop_msgs/share/teleop_msgs/cmake/teleop_msgs__rosidl_generator_cExport.cmake
-- Installing: /home/chengjing/Desktop/software_intro_task/install/teleop_msgs/share/teleop_msgs/cmake/teleop_msgs__rosidl_generator_cExport-noconfig.cmake
-- Up-to-date: /home/chengjing/Desktop/software_intro_task/install/teleop_msgs/share/teleop_msgs/cmake/teleop_msgs__rosidl_typesupport_introspection_cExport.cmake
-- Installing: /home/chengjing/Desktop/software_intro_task/install/teleop_msgs/share/teleop_msgs/cmake/teleop_msgs__rosidl_typesupport_introspection_cExport-noconfig.cmake
-- Up-to-date: /home/chengjing/Desktop/software_intro_task/install/teleop_msgs/share/teleop_msgs/cmake/teleop_msgs__rosidl_typesupport_cExport.cmake
-- Installing: /home/chengjing/Desktop/software_intro_task/install/teleop_msgs/share/teleop_msgs/cmake/teleop_msgs__rosidl_typesupport_cExport-noconfig.cmake
-- Up-to-date: /home/chengjing/Desktop/software_intro_task/install/teleop_msgs/share/teleop_msgs/cmake/teleop_msgs__rosidl_generator_cppExport.cmake
-- Up-to-date: /home/chengjing/Desktop/software_intro_task/install/teleop_msgs/share/teleop_msgs/cmake/teleop_msgs__rosidl_typesupport_introspection_cppExport.cmake
-- Installing: /home/chengjing/Desktop/software_intro_task/install/teleop_msgs/share/teleop_msgs/cmake/teleop_msgs__rosidl_typesupport_introspection_cppExport-noconfig.cmake
-- Up-to-date: /home/chengjing/Desktop/software_intro_task/install/teleop_msgs/share/teleop_msgs/cmake/teleop_msgs__rosidl_typesupport_cppExport.cmake
-- Installing: /home/chengjing/Desktop/software_intro_task/install/teleop_msgs/share/teleop_msgs/cmake/teleop_msgs__rosidl_typesupport_cppExport-noconfig.cmake
-- Up-to-date: /home/chengjing/Desktop/software_intro_task/install/teleop_msgs/share/teleop_msgs/cmake/rosidl_cmake-extras.cmake
-- Up-to-date: /home/chengjing/Desktop/software_intro_task/install/teleop_msgs/share/teleop_msgs/cmake/ament_cmake_export_dependencies-extras.cmake
-- Up-to-date: /home/chengjing/Desktop/software_intro_task/install/teleop_msgs/share/teleop_msgs/cmake/ament_cmake_export_libraries-extras.cmake
-- Up-to-date: /home/chengjing/Desktop/software_intro_task/install/teleop_msgs/share/teleop_msgs/cmake/ament_cmake_export_targets-extras.cmake
-- Up-to-date: /home/chengjing/Desktop/software_intro_task/install/teleop_msgs/share/teleop_msgs/cmake/ament_cmake_export_include_directories-extras.cmake
-- Up-to-date: /home/chengjing/Desktop/software_intro_task/install/teleop_msgs/share/teleop_msgs/cmake/rosidl_cmake_export_typesupport_libraries-extras.cmake
-- Up-to-date: /home/chengjing/Desktop/software_intro_task/install/teleop_msgs/share/teleop_msgs/cmake/rosidl_cmake_export_typesupport_targets-extras.cmake
-- Up-to-date: /home/chengjing/Desktop/software_intro_task/install/teleop_msgs/share/teleop_msgs/cmake/teleop_msgsConfig.cmake
-- Up-to-date: /home/chengjing/Desktop/software_intro_task/install/teleop_msgs/share/teleop_msgs/cmake/teleop_msgsConfig-version.cmake
-- Up-to-date: /home/chengjing/Desktop/software_intro_task/install/teleop_msgs/share/teleop_msgs/package.xml
