[0.009s] Invoking command in '/home/chengjing/Desktop/software_intro_task/build/teleop_msgs': CMAKE_PREFIX_PATH=${CMAKE_PREFIX_PATH}:/opt/ros/galactic /usr/bin/cmake --build /home/chengjing/Desktop/software_intro_task/build/teleop_msgs -- -j8 -l8
[0.030s] -- Found ament_cmake_auto: 1.1.5 (/opt/ros/galactic/share/ament_cmake_auto/cmake)
[0.046s] -- Found PythonInterp: /usr/bin/python3 (found suitable version "3.8.10", minimum required is "3") 
[0.046s] -- Using PYTHON_EXECUTABLE: /usr/bin/python3
[0.088s] -- Found rosidl_default_generators: 1.1.1 (/opt/ros/galactic/share/rosidl_default_generators/cmake)
[0.090s] -- Using all available rosidl_typesupport_c: rosidl_typesupport_fastrtps_c;rosidl_typesupport_introspection_c
[0.092s] -- Found rosidl_adapter: 2.2.2 (/opt/ros/galactic/share/rosidl_adapter/cmake)
[0.184s] -- Using all available rosidl_typesupport_cpp: rosidl_typesupport_fastrtps_cpp;rosidl_typesupport_introspection_cpp
[0.278s] -- Found rmw_implementation_cmake: 3.3.1 (/opt/ros/galactic/share/rmw_implementation_cmake/cmake)
[0.279s] -- Found rmw_cyclonedds_cpp: 0.22.5 (/opt/ros/galactic/share/rmw_cyclonedds_cpp/cmake)
[0.293s] -- Using RMW implementation 'rmw_cyclonedds_cpp' as default
[0.451s] -- Found PythonInterp: /usr/bin/python3 (found version "3.8.10") 
[0.500s] -- Found ament_cmake_ros: 0.9.2 (/opt/ros/galactic/share/ament_cmake_ros/cmake)
[0.565s] -- Using all available rosidl_typesupport_c: rosidl_typesupport_fastrtps_c;rosidl_typesupport_introspection_c
[0.570s] -- Using all available rosidl_typesupport_cpp: rosidl_typesupport_fastrtps_cpp;rosidl_typesupport_introspection_cpp
[0.586s] -- Found PythonInterp: /usr/bin/python3 (found suitable version "3.8.10", minimum required is "3.5") 
[0.586s] -- Found python_cmake_module: 0.8.1 (/opt/ros/galactic/share/python_cmake_module/cmake)
[0.603s] -- Using PYTHON_EXECUTABLE: /usr/bin/python3
[0.603s] -- Using PYTHON_INCLUDE_DIRS: /usr/include/python3.8
[0.603s] -- Using PYTHON_LIBRARIES: /usr/lib/x86_64-linux-gnu/libpython3.8.so
[0.613s] -- Found ament_lint_auto: 0.10.7 (/opt/ros/galactic/share/ament_lint_auto/cmake)
[0.620s] -- Added test 'copyright' to check source files copyright and LICENSE
[0.621s] -- Added test 'lint_cmake' to check CMake code style
[0.622s] -- Added test 'xmllint' to check XML markup files
[0.625s] -- Configuring done
[0.646s] -- Generating done
[0.649s] -- Build files have been written to: /home/chengjing/Desktop/software_intro_task/build/teleop_msgs
[0.673s] [  7%] Built target teleop_msgs__cpp
[0.673s] [ 12%] Built target teleop_msgs__rosidl_generator_c
[0.691s] [ 23%] Built target teleop_msgs__rosidl_typesupport_fastrtps_cpp
[0.695s] [ 38%] Built target teleop_msgs__rosidl_typesupport_introspection_c
[0.695s] [ 48%] Built target teleop_msgs__rosidl_typesupport_cpp
[0.695s] [ 53%] Built target teleop_msgs__rosidl_typesupport_introspection_cpp
[0.696s] [ 64%] Built target teleop_msgs__rosidl_typesupport_c
[0.711s] [ 74%] Built target teleop_msgs__rosidl_typesupport_fastrtps_c
[0.724s] [ 74%] Built target teleop_msgs
[0.737s] [ 76%] Built target teleop_msgs__py
[0.753s] [ 84%] Built target teleop_msgs__python
[0.770s] [100%] Built target teleop_msgs__rosidl_typesupport_introspection_c__pyext
[0.770s] [100%] Built target teleop_msgs__rosidl_typesupport_fastrtps_c__pyext
[0.770s] [100%] Built target teleop_msgs__rosidl_typesupport_c__pyext
[0.778s] Invoked command in '/home/chengjing/Desktop/software_intro_task/build/teleop_msgs' returned '0': CMAKE_PREFIX_PATH=${CMAKE_PREFIX_PATH}:/opt/ros/galactic /usr/bin/cmake --build /home/chengjing/Desktop/software_intro_task/build/teleop_msgs -- -j8 -l8
[0.820s] Invoking command in '/home/chengjing/Desktop/software_intro_task/build/teleop_msgs': CMAKE_PREFIX_PATH=${CMAKE_PREFIX_PATH}:/opt/ros/galactic /usr/bin/cmake --install /home/chengjing/Desktop/software_intro_task/build/teleop_msgs
[0.827s] -- Install configuration: ""
[0.828s] -- Up-to-date: /home/chengjing/Desktop/software_intro_task/install/teleop_msgs/share/ament_index/resource_index/rosidl_interfaces/teleop_msgs
[0.828s] -- Up-to-date: /home/chengjing/Desktop/software_intro_task/install/teleop_msgs/include/teleop_msgs
[0.828s] -- Up-to-date: /home/chengjing/Desktop/software_intro_task/install/teleop_msgs/include/teleop_msgs/msg
[0.828s] -- Up-to-date: /home/chengjing/Desktop/software_intro_task/install/teleop_msgs/include/teleop_msgs/msg/rosidl_generator_c__visibility_control.h
[0.828s] -- Up-to-date: /home/chengjing/Desktop/software_intro_task/install/teleop_msgs/include/teleop_msgs/msg/detail
[0.828s] -- Up-to-date: /home/chengjing/Desktop/software_intro_task/install/teleop_msgs/include/teleop_msgs/msg/detail/vehicle_control_data__functions.h
[0.828s] -- Up-to-date: /home/chengjing/Desktop/software_intro_task/install/teleop_msgs/include/teleop_msgs/msg/detail/vehicle_control_data__type_support.h
[0.828s] -- Up-to-date: /home/chengjing/Desktop/software_intro_task/install/teleop_msgs/include/teleop_msgs/msg/detail/vehicle_control_data__functions.c
[0.828s] -- Up-to-date: /home/chengjing/Desktop/software_intro_task/install/teleop_msgs/include/teleop_msgs/msg/detail/vehicle_control_data__struct.h
[0.828s] -- Up-to-date: /home/chengjing/Desktop/software_intro_task/install/teleop_msgs/include/teleop_msgs/msg/vehicle_control_data.h
[0.828s] -- Up-to-date: /home/chengjing/Desktop/software_intro_task/install/teleop_msgs/include/teleop_msgs/srv
[0.828s] -- Up-to-date: /home/chengjing/Desktop/software_intro_task/install/teleop_msgs/include/teleop_msgs/srv/detail
[0.828s] -- Up-to-date: /home/chengjing/Desktop/software_intro_task/install/teleop_msgs/include/teleop_msgs/srv/detail/emergency_stop__type_support.h
[0.828s] -- Up-to-date: /home/chengjing/Desktop/software_intro_task/install/teleop_msgs/include/teleop_msgs/srv/detail/emergency_stop__struct.h
[0.828s] -- Up-to-date: /home/chengjing/Desktop/software_intro_task/install/teleop_msgs/include/teleop_msgs/srv/detail/emergency_stop__functions.h
[0.828s] -- Up-to-date: /home/chengjing/Desktop/software_intro_task/install/teleop_msgs/include/teleop_msgs/srv/detail/emergency_stop__functions.c
[0.829s] -- Up-to-date: /home/chengjing/Desktop/software_intro_task/install/teleop_msgs/include/teleop_msgs/srv/emergency_stop.h
[0.829s] -- Up-to-date: /home/chengjing/Desktop/software_intro_task/install/teleop_msgs/share/teleop_msgs/environment/library_path.sh
[0.829s] -- Installing: /home/chengjing/Desktop/software_intro_task/install/teleop_msgs/share/teleop_msgs/environment/library_path.dsv
[0.829s] -- Up-to-date: /home/chengjing/Desktop/software_intro_task/install/teleop_msgs/lib/libteleop_msgs__rosidl_generator_c.so
[0.829s] -- Up-to-date: /home/chengjing/Desktop/software_intro_task/install/teleop_msgs/include/teleop_msgs
[0.829s] -- Up-to-date: /home/chengjing/Desktop/software_intro_task/install/teleop_msgs/include/teleop_msgs/msg
[0.829s] -- Up-to-date: /home/chengjing/Desktop/software_intro_task/install/teleop_msgs/include/teleop_msgs/msg/rosidl_typesupport_fastrtps_c__visibility_control.h
[0.829s] -- Up-to-date: /home/chengjing/Desktop/software_intro_task/install/teleop_msgs/include/teleop_msgs/msg/detail
[0.829s] -- Up-to-date: /home/chengjing/Desktop/software_intro_task/install/teleop_msgs/include/teleop_msgs/msg/detail/vehicle_control_data__rosidl_typesupport_fastrtps_c.h
[0.829s] -- Up-to-date: /home/chengjing/Desktop/software_intro_task/install/teleop_msgs/include/teleop_msgs/srv
[0.829s] -- Up-to-date: /home/chengjing/Desktop/software_intro_task/install/teleop_msgs/include/teleop_msgs/srv/detail
[0.829s] -- Up-to-date: /home/chengjing/Desktop/software_intro_task/install/teleop_msgs/include/teleop_msgs/srv/detail/emergency_stop__rosidl_typesupport_fastrtps_c.h
[0.829s] -- Up-to-date: /home/chengjing/Desktop/software_intro_task/install/teleop_msgs/lib/libteleop_msgs__rosidl_typesupport_fastrtps_c.so
[0.829s] -- Up-to-date: /home/chengjing/Desktop/software_intro_task/install/teleop_msgs/include/teleop_msgs
[0.829s] -- Up-to-date: /home/chengjing/Desktop/software_intro_task/install/teleop_msgs/include/teleop_msgs/msg
[0.829s] -- Up-to-date: /home/chengjing/Desktop/software_intro_task/install/teleop_msgs/include/teleop_msgs/msg/detail
[0.829s] -- Up-to-date: /home/chengjing/Desktop/software_intro_task/install/teleop_msgs/include/teleop_msgs/msg/detail/vehicle_control_data__rosidl_typesupport_fastrtps_cpp.hpp
[0.830s] -- Up-to-date: /home/chengjing/Desktop/software_intro_task/install/teleop_msgs/include/teleop_msgs/msg/detail/dds_fastrtps
[0.830s] -- Up-to-date: /home/chengjing/Desktop/software_intro_task/install/teleop_msgs/include/teleop_msgs/msg/rosidl_typesupport_fastrtps_cpp__visibility_control.h
[0.830s] -- Up-to-date: /home/chengjing/Desktop/software_intro_task/install/teleop_msgs/include/teleop_msgs/srv
[0.830s] -- Up-to-date: /home/chengjing/Desktop/software_intro_task/install/teleop_msgs/include/teleop_msgs/srv/detail
[0.830s] -- Up-to-date: /home/chengjing/Desktop/software_intro_task/install/teleop_msgs/include/teleop_msgs/srv/detail/emergency_stop__rosidl_typesupport_fastrtps_cpp.hpp
[0.830s] -- Up-to-date: /home/chengjing/Desktop/software_intro_task/install/teleop_msgs/include/teleop_msgs/srv/detail/dds_fastrtps
[0.830s] -- Up-to-date: /home/chengjing/Desktop/software_intro_task/install/teleop_msgs/lib/libteleop_msgs__rosidl_typesupport_fastrtps_cpp.so
[0.830s] -- Up-to-date: /home/chengjing/Desktop/software_intro_task/install/teleop_msgs/include/teleop_msgs
[0.830s] -- Up-to-date: /home/chengjing/Desktop/software_intro_task/install/teleop_msgs/include/teleop_msgs/msg
[0.830s] -- Up-to-date: /home/chengjing/Desktop/software_intro_task/install/teleop_msgs/include/teleop_msgs/msg/rosidl_typesupport_introspection_c__visibility_control.h
[0.830s] -- Up-to-date: /home/chengjing/Desktop/software_intro_task/install/teleop_msgs/include/teleop_msgs/msg/detail
[0.830s] -- Up-to-date: /home/chengjing/Desktop/software_intro_task/install/teleop_msgs/include/teleop_msgs/msg/detail/vehicle_control_data__type_support.c
[0.830s] -- Up-to-date: /home/chengjing/Desktop/software_intro_task/install/teleop_msgs/include/teleop_msgs/msg/detail/vehicle_control_data__rosidl_typesupport_introspection_c.h
[0.830s] -- Up-to-date: /home/chengjing/Desktop/software_intro_task/install/teleop_msgs/include/teleop_msgs/srv
[0.830s] -- Up-to-date: /home/chengjing/Desktop/software_intro_task/install/teleop_msgs/include/teleop_msgs/srv/detail
[0.830s] -- Up-to-date: /home/chengjing/Desktop/software_intro_task/install/teleop_msgs/include/teleop_msgs/srv/detail/emergency_stop__type_support.c
[0.830s] -- Up-to-date: /home/chengjing/Desktop/software_intro_task/install/teleop_msgs/include/teleop_msgs/srv/detail/emergency_stop__rosidl_typesupport_introspection_c.h
[0.831s] -- Up-to-date: /home/chengjing/Desktop/software_intro_task/install/teleop_msgs/lib/libteleop_msgs__rosidl_typesupport_introspection_c.so
[0.831s] -- Up-to-date: /home/chengjing/Desktop/software_intro_task/install/teleop_msgs/lib/libteleop_msgs__rosidl_typesupport_c.so
[0.831s] -- Up-to-date: /home/chengjing/Desktop/software_intro_task/install/teleop_msgs/include/teleop_msgs
[0.831s] -- Up-to-date: /home/chengjing/Desktop/software_intro_task/install/teleop_msgs/include/teleop_msgs/msg
[0.831s] -- Up-to-date: /home/chengjing/Desktop/software_intro_task/install/teleop_msgs/include/teleop_msgs/msg/detail
[0.831s] -- Up-to-date: /home/chengjing/Desktop/software_intro_task/install/teleop_msgs/include/teleop_msgs/msg/detail/vehicle_control_data__builder.hpp
[0.831s] -- Up-to-date: /home/chengjing/Desktop/software_intro_task/install/teleop_msgs/include/teleop_msgs/msg/detail/vehicle_control_data__traits.hpp
[0.831s] -- Up-to-date: /home/chengjing/Desktop/software_intro_task/install/teleop_msgs/include/teleop_msgs/msg/detail/vehicle_control_data__struct.hpp
[0.831s] -- Up-to-date: /home/chengjing/Desktop/software_intro_task/install/teleop_msgs/include/teleop_msgs/msg/vehicle_control_data.hpp
[0.831s] -- Up-to-date: /home/chengjing/Desktop/software_intro_task/install/teleop_msgs/include/teleop_msgs/srv
[0.831s] -- Up-to-date: /home/chengjing/Desktop/software_intro_task/install/teleop_msgs/include/teleop_msgs/srv/emergency_stop.hpp
[0.831s] -- Up-to-date: /home/chengjing/Desktop/software_intro_task/install/teleop_msgs/include/teleop_msgs/srv/detail
[0.831s] -- Up-to-date: /home/chengjing/Desktop/software_intro_task/install/teleop_msgs/include/teleop_msgs/srv/detail/emergency_stop__struct.hpp
[0.831s] -- Up-to-date: /home/chengjing/Desktop/software_intro_task/install/teleop_msgs/include/teleop_msgs/srv/detail/emergency_stop__builder.hpp
[0.831s] -- Up-to-date: /home/chengjing/Desktop/software_intro_task/install/teleop_msgs/include/teleop_msgs/srv/detail/emergency_stop__traits.hpp
[0.831s] -- Up-to-date: /home/chengjing/Desktop/software_intro_task/install/teleop_msgs/include/teleop_msgs
[0.831s] -- Up-to-date: /home/chengjing/Desktop/software_intro_task/install/teleop_msgs/include/teleop_msgs/msg
[0.831s] -- Up-to-date: /home/chengjing/Desktop/software_intro_task/install/teleop_msgs/include/teleop_msgs/msg/detail
[0.831s] -- Up-to-date: /home/chengjing/Desktop/software_intro_task/install/teleop_msgs/include/teleop_msgs/msg/detail/vehicle_control_data__type_support.cpp
[0.832s] -- Up-to-date: /home/chengjing/Desktop/software_intro_task/install/teleop_msgs/include/teleop_msgs/msg/detail/vehicle_control_data__rosidl_typesupport_introspection_cpp.hpp
[0.832s] -- Up-to-date: /home/chengjing/Desktop/software_intro_task/install/teleop_msgs/include/teleop_msgs/srv
[0.832s] -- Up-to-date: /home/chengjing/Desktop/software_intro_task/install/teleop_msgs/include/teleop_msgs/srv/detail
[0.832s] -- Up-to-date: /home/chengjing/Desktop/software_intro_task/install/teleop_msgs/include/teleop_msgs/srv/detail/emergency_stop__rosidl_typesupport_introspection_cpp.hpp
[0.832s] -- Up-to-date: /home/chengjing/Desktop/software_intro_task/install/teleop_msgs/include/teleop_msgs/srv/detail/emergency_stop__type_support.cpp
[0.832s] -- Up-to-date: /home/chengjing/Desktop/software_intro_task/install/teleop_msgs/lib/libteleop_msgs__rosidl_typesupport_introspection_cpp.so
[0.832s] -- Up-to-date: /home/chengjing/Desktop/software_intro_task/install/teleop_msgs/lib/libteleop_msgs__rosidl_typesupport_cpp.so
[0.832s] -- Up-to-date: /home/chengjing/Desktop/software_intro_task/install/teleop_msgs/share/teleop_msgs/environment/pythonpath.sh
[0.832s] -- Installing: /home/chengjing/Desktop/software_intro_task/install/teleop_msgs/share/teleop_msgs/environment/pythonpath.dsv
[0.832s] -- Installing: /home/chengjing/Desktop/software_intro_task/install/teleop_msgs/lib/python3.8/site-packages/teleop_msgs/__init__.py
[0.851s] Compiling '/home/chengjing/Desktop/software_intro_task/install/teleop_msgs/lib/python3.8/site-packages/teleop_msgs/__init__.py'...
[0.854s] -- Up-to-date: /home/chengjing/Desktop/software_intro_task/install/teleop_msgs/lib/python3.8/site-packages/teleop_msgs/msg
[0.855s] -- Up-to-date: /home/chengjing/Desktop/software_intro_task/install/teleop_msgs/lib/python3.8/site-packages/teleop_msgs/msg/__init__.py
[0.855s] -- Up-to-date: /home/chengjing/Desktop/software_intro_task/install/teleop_msgs/lib/python3.8/site-packages/teleop_msgs/msg/_vehicle_control_data_s.c
[0.855s] -- Up-to-date: /home/chengjing/Desktop/software_intro_task/install/teleop_msgs/lib/python3.8/site-packages/teleop_msgs/msg/_vehicle_control_data.py
[0.855s] -- Up-to-date: /home/chengjing/Desktop/software_intro_task/install/teleop_msgs/lib/python3.8/site-packages/teleop_msgs/srv
[0.855s] -- Up-to-date: /home/chengjing/Desktop/software_intro_task/install/teleop_msgs/lib/python3.8/site-packages/teleop_msgs/srv/__init__.py
[0.855s] -- Up-to-date: /home/chengjing/Desktop/software_intro_task/install/teleop_msgs/lib/python3.8/site-packages/teleop_msgs/srv/_emergency_stop_s.c
[0.855s] -- Up-to-date: /home/chengjing/Desktop/software_intro_task/install/teleop_msgs/lib/python3.8/site-packages/teleop_msgs/srv/_emergency_stop.py
[0.855s] -- Up-to-date: /home/chengjing/Desktop/software_intro_task/install/teleop_msgs/lib/python3.8/site-packages/teleop_msgs/teleop_msgs_s__rosidl_typesupport_fastrtps_c.cpython-38-x86_64-linux-gnu.so
[0.855s] -- Up-to-date: /home/chengjing/Desktop/software_intro_task/install/teleop_msgs/lib/python3.8/site-packages/teleop_msgs/teleop_msgs_s__rosidl_typesupport_introspection_c.cpython-38-x86_64-linux-gnu.so
[0.856s] -- Up-to-date: /home/chengjing/Desktop/software_intro_task/install/teleop_msgs/lib/python3.8/site-packages/teleop_msgs/teleop_msgs_s__rosidl_typesupport_c.cpython-38-x86_64-linux-gnu.so
[0.856s] -- Up-to-date: /home/chengjing/Desktop/software_intro_task/install/teleop_msgs/lib/libteleop_msgs__python.so
[0.856s] -- Up-to-date: /home/chengjing/Desktop/software_intro_task/install/teleop_msgs/share/teleop_msgs/msg/VehicleControlData.idl
[0.856s] -- Up-to-date: /home/chengjing/Desktop/software_intro_task/install/teleop_msgs/share/teleop_msgs/srv/EmergencyStop.idl
[0.856s] -- Installing: /home/chengjing/Desktop/software_intro_task/install/teleop_msgs/share/teleop_msgs/msg/VehicleControlData.msg
[0.856s] -- Up-to-date: /home/chengjing/Desktop/software_intro_task/install/teleop_msgs/share/teleop_msgs/srv/EmergencyStop.srv
[0.856s] -- Up-to-date: /home/chengjing/Desktop/software_intro_task/install/teleop_msgs/share/teleop_msgs/srv/EmergencyStop_Request.msg
[0.857s] -- Up-to-date: /home/chengjing/Desktop/software_intro_task/install/teleop_msgs/share/teleop_msgs/srv/EmergencyStop_Response.msg
[0.857s] -- Up-to-date: /home/chengjing/Desktop/software_intro_task/install/teleop_msgs/share/ament_index/resource_index/package_run_dependencies/teleop_msgs
[0.857s] -- Installing: /home/chengjing/Desktop/software_intro_task/install/teleop_msgs/share/ament_index/resource_index/parent_prefix_path/teleop_msgs
[0.857s] -- Up-to-date: /home/chengjing/Desktop/software_intro_task/install/teleop_msgs/share/teleop_msgs/environment/ament_prefix_path.sh
[0.857s] -- Installing: /home/chengjing/Desktop/software_intro_task/install/teleop_msgs/share/teleop_msgs/environment/ament_prefix_path.dsv
[0.857s] -- Up-to-date: /home/chengjing/Desktop/software_intro_task/install/teleop_msgs/share/teleop_msgs/environment/path.sh
[0.857s] -- Installing: /home/chengjing/Desktop/software_intro_task/install/teleop_msgs/share/teleop_msgs/environment/path.dsv
[0.857s] -- Up-to-date: /home/chengjing/Desktop/software_intro_task/install/teleop_msgs/share/teleop_msgs/local_setup.bash
[0.857s] -- Up-to-date: /home/chengjing/Desktop/software_intro_task/install/teleop_msgs/share/teleop_msgs/local_setup.sh
[0.857s] -- Up-to-date: /home/chengjing/Desktop/software_intro_task/install/teleop_msgs/share/teleop_msgs/local_setup.zsh
[0.857s] -- Installing: /home/chengjing/Desktop/software_intro_task/install/teleop_msgs/share/teleop_msgs/local_setup.dsv
[0.857s] -- Installing: /home/chengjing/Desktop/software_intro_task/install/teleop_msgs/share/teleop_msgs/package.dsv
[0.857s] -- Up-to-date: /home/chengjing/Desktop/software_intro_task/install/teleop_msgs/share/ament_index/resource_index/packages/teleop_msgs
[0.857s] -- Up-to-date: /home/chengjing/Desktop/software_intro_task/install/teleop_msgs/share/teleop_msgs/cmake/teleop_msgs__rosidl_generator_cExport.cmake
[0.857s] -- Installing: /home/chengjing/Desktop/software_intro_task/install/teleop_msgs/share/teleop_msgs/cmake/teleop_msgs__rosidl_generator_cExport-noconfig.cmake
[0.857s] -- Up-to-date: /home/chengjing/Desktop/software_intro_task/install/teleop_msgs/share/teleop_msgs/cmake/teleop_msgs__rosidl_typesupport_introspection_cExport.cmake
[0.858s] -- Installing: /home/chengjing/Desktop/software_intro_task/install/teleop_msgs/share/teleop_msgs/cmake/teleop_msgs__rosidl_typesupport_introspection_cExport-noconfig.cmake
[0.858s] -- Up-to-date: /home/chengjing/Desktop/software_intro_task/install/teleop_msgs/share/teleop_msgs/cmake/teleop_msgs__rosidl_typesupport_cExport.cmake
[0.858s] -- Installing: /home/chengjing/Desktop/software_intro_task/install/teleop_msgs/share/teleop_msgs/cmake/teleop_msgs__rosidl_typesupport_cExport-noconfig.cmake
[0.858s] -- Up-to-date: /home/chengjing/Desktop/software_intro_task/install/teleop_msgs/share/teleop_msgs/cmake/teleop_msgs__rosidl_generator_cppExport.cmake
[0.858s] -- Up-to-date: /home/chengjing/Desktop/software_intro_task/install/teleop_msgs/share/teleop_msgs/cmake/teleop_msgs__rosidl_typesupport_introspection_cppExport.cmake
[0.858s] -- Installing: /home/chengjing/Desktop/software_intro_task/install/teleop_msgs/share/teleop_msgs/cmake/teleop_msgs__rosidl_typesupport_introspection_cppExport-noconfig.cmake
[0.858s] -- Up-to-date: /home/chengjing/Desktop/software_intro_task/install/teleop_msgs/share/teleop_msgs/cmake/teleop_msgs__rosidl_typesupport_cppExport.cmake
[0.858s] -- Installing: /home/chengjing/Desktop/software_intro_task/install/teleop_msgs/share/teleop_msgs/cmake/teleop_msgs__rosidl_typesupport_cppExport-noconfig.cmake
[0.858s] -- Up-to-date: /home/chengjing/Desktop/software_intro_task/install/teleop_msgs/share/teleop_msgs/cmake/rosidl_cmake-extras.cmake
[0.858s] -- Up-to-date: /home/chengjing/Desktop/software_intro_task/install/teleop_msgs/share/teleop_msgs/cmake/ament_cmake_export_dependencies-extras.cmake
[0.858s] -- Up-to-date: /home/chengjing/Desktop/software_intro_task/install/teleop_msgs/share/teleop_msgs/cmake/ament_cmake_export_libraries-extras.cmake
[0.859s] -- Up-to-date: /home/chengjing/Desktop/software_intro_task/install/teleop_msgs/share/teleop_msgs/cmake/ament_cmake_export_targets-extras.cmake
[0.859s] -- Up-to-date: /home/chengjing/Desktop/software_intro_task/install/teleop_msgs/share/teleop_msgs/cmake/ament_cmake_export_include_directories-extras.cmake
[0.859s] -- Up-to-date: /home/chengjing/Desktop/software_intro_task/install/teleop_msgs/share/teleop_msgs/cmake/rosidl_cmake_export_typesupport_libraries-extras.cmake
[0.859s] -- Up-to-date: /home/chengjing/Desktop/software_intro_task/install/teleop_msgs/share/teleop_msgs/cmake/rosidl_cmake_export_typesupport_targets-extras.cmake
[0.859s] -- Up-to-date: /home/chengjing/Desktop/software_intro_task/install/teleop_msgs/share/teleop_msgs/cmake/teleop_msgsConfig.cmake
[0.859s] -- Up-to-date: /home/chengjing/Desktop/software_intro_task/install/teleop_msgs/share/teleop_msgs/cmake/teleop_msgsConfig-version.cmake
[0.859s] -- Up-to-date: /home/chengjing/Desktop/software_intro_task/install/teleop_msgs/share/teleop_msgs/package.xml
[0.872s] Invoked command in '/home/chengjing/Desktop/software_intro_task/build/teleop_msgs' returned '0': CMAKE_PREFIX_PATH=${CMAKE_PREFIX_PATH}:/opt/ros/galactic /usr/bin/cmake --install /home/chengjing/Desktop/software_intro_task/build/teleop_msgs
